[0.034s] Invoking command in '/home/wisemaa3/Desktop/Robots/ros-lab-2/build/ros_gz_gazebo': CMAKE_PREFIX_PATH=/home/wisemaa3/Desktop/Robots/ros-lab-2/install/ros_gz_description:/opt/ros/jazzy/opt/gz_sim_vendor:/opt/ros/jazzy/opt/gz_sensors_vendor:/opt/ros/jazzy/opt/gz_physics_vendor:/opt/ros/jazzy/opt/sdformat_vendor:/opt/ros/jazzy/opt/gz_gui_vendor:/opt/ros/jazzy/opt/gz_transport_vendor:/opt/ros/jazzy/opt/gz_rendering_vendor:/opt/ros/jazzy/opt/gz_plugin_vendor:/opt/ros/jazzy/opt/gz_fuel_tools_vendor:/opt/ros/jazzy/opt/gz_msgs_vendor:/opt/ros/jazzy/opt/gz_common_vendor:/opt/ros/jazzy/opt/gz_math_vendor:/opt/ros/jazzy/opt/gz_utils_vendor:/opt/ros/jazzy/opt/gz_tools_vendor:/opt/ros/jazzy/opt/gz_ogre_next_vendor:/opt/ros/jazzy/opt/gz_dartsim_vendor:/opt/ros/jazzy/opt/gz_cmake_vendor:/opt/ros/jazzy PS1=<ROS2-Jazzy>[\u@\h \W]$ /usr/bin/cmake /home/wisemaa3/Desktop/Robots/ros-lab-2/ros_gz_gazebo -DBUILD_TESTING=ON -DCMAKE_INSTALL_PREFIX=/home/wisemaa3/Desktop/Robots/ros-lab-2/install/ros_gz_gazebo
[0.187s] -- The C compiler identification is GNU 13.3.0
[0.303s] -- The CXX compiler identification is GNU 13.3.0
[0.353s] -- Detecting C compiler ABI info
[0.643s] -- Detecting C compiler ABI info - done
[0.651s] -- Check for working C compiler: /usr/bin/cc - skipped
[0.652s] -- Detecting C compile features
[0.652s] -- Detecting C compile features - done
[0.683s] -- Detecting CXX compiler ABI info
[0.960s] -- Detecting CXX compiler ABI info - done
[0.978s] -- Check for working CXX compiler: /usr/bin/c++ - skipped
[0.978s] -- Detecting CXX compile features
[0.979s] -- Detecting CXX compile features - done
[1.017s] -- Found ament_cmake: 2.5.3 (/opt/ros/jazzy/share/ament_cmake/cmake)
[1.178s] -- Found Python3: /usr/bin/python3 (found version "3.12.3") found components: Interpreter 
[1.600s] -- Found ros_gz_description: 0.0.0 (/home/wisemaa3/Desktop/Robots/ros-lab-2/install/ros_gz_description/share/ros_gz_description/cmake)
[1.668s] -- Looking for gz-plugin2 -- found version 2.0.4
[1.670s] -- Searching for dependencies of gz-plugin2
[1.694s] -- Looking for gz-utils2 -- found version 2.2.1
[1.694s] -- Searching for dependencies of gz-utils2
[1.695s] -- Searching for <gz-utils2> component [cli]
[1.716s] -- Looking for gz-utils2-cli -- found version 2.2.1
[1.716s] -- Searching for dependencies of gz-utils2-cli
[1.718s] -- Searching for <gz-plugin2> component [register]
[1.735s] -- Looking for gz-plugin2-register -- found version 2.0.4
[1.735s] -- Searching for dependencies of gz-plugin2-register
[1.756s] -- Looking for gz-common5 -- found version 5.7.1
[1.756s] -- Searching for dependencies of gz-common5
[1.757s] -- Looking for gz-utils2 -- found version 2.2.1
[1.764s] -- Looking for dlfcn.h - found
[1.783s] -- Looking for libdl - found
[1.786s] -- Found DL: TRUE  
[1.812s] -- Checking for module 'uuid'
[1.845s] --   Found uuid, version 2.39.3
[1.898s] -- Found UUID: TRUE  
[1.900s] -- Searching for <gz-common5> component [profiler]
[1.919s] -- Looking for gz-common5-profiler -- found version 5.7.1
[1.920s] -- Searching for dependencies of gz-common5-profiler
[1.938s] -- Looking for gz-sim8 -- found version 8.9.0
[1.938s] -- Searching for dependencies of gz-sim8
[1.954s] -- Looking for sdformat14 -- found version 14.7.0
[1.954s] -- Searching for dependencies of sdformat14
[1.965s] -- Checking for module 'tinyxml2'
[1.991s] --   Found tinyxml2, version 10.0.0
[2.069s] -- Looking for gz-math7 -- found version 7.5.2
[2.069s] -- Searching for dependencies of gz-math7
[2.070s] -- Looking for gz-utils2 -- found version 2.2.1
[2.072s] -- Looking for gz-utils2 -- found version 2.2.1
[2.075s] -- Looking for gz-plugin2 -- found version 2.0.4
[2.075s] -- Searching for dependencies of gz-plugin2
[2.076s] -- Looking for gz-utils2 -- found version 2.2.1
[2.076s] -- Searching for <gz-plugin2> component [loader]
[2.095s] -- Looking for gz-plugin2-loader -- found version 2.0.4
[2.095s] -- Searching for dependencies of gz-plugin2-loader
[2.096s] -- Searching for <gz-plugin2> component [register]
[2.112s] -- Looking for gz-transport13 -- found version 13.4.1
[2.112s] -- Searching for dependencies of gz-transport13
[2.693s] -- Found Protobuf: /usr/lib/x86_64-linux-gnu/libprotobuf.so (found version "3.21.12") 
[2.751s] -- Config-file not installed for ZeroMQ -- checking for pkg-config
[2.760s] -- Checking for module 'libzmq >= 4'
[2.792s] --   Found libzmq, version 4.3.5
[2.889s] -- Found ZeroMQ: TRUE (Required is at least version "4") 
[2.912s] -- Looking for gz-utils2 -- found version 2.2.1
[2.932s] -- Looking for gz-msgs10 -- found version 10.3.2
[2.932s] -- Searching for dependencies of gz-msgs10
[2.999s] -- Looking for gz-utils2 -- found version 2.2.1
[3.000s] -- Looking for gz-math7 -- found version 7.5.2
[3.014s] -- Searching for <gz-transport13> component [log]
[3.029s] -- Looking for gz-transport13-log -- found version 13.4.1
[3.029s] -- Searching for dependencies of gz-transport13-log
[3.030s] -- Searching for <gz-transport13> component [parameters]
[3.043s] -- Looking for gz-transport13-parameters -- found version 13.4.1
[3.043s] -- Searching for dependencies of gz-transport13-parameters
[3.045s] -- Looking for gz-msgs10 -- found version 10.3.2
[3.046s] -- Looking for gz-common5 -- found version 5.7.1
[3.046s] -- Searching for dependencies of gz-common5
[3.047s] -- Looking for gz-utils2 -- found version 2.2.1
[3.047s] -- Looking for dlfcn.h - found
[3.047s] -- Looking for libdl - found
[3.055s] -- Searching for <gz-common5> component [av]
[3.066s] -- Looking for gz-common5-av -- found version 5.7.1
[3.066s] -- Searching for dependencies of gz-common5-av
[3.071s] -- Checking for module 'libswscale'
[3.084s] --   Found libswscale, version 7.5.100
[3.141s] -- Found SWSCALE: TRUE  
[3.151s] -- Checking for module 'libavdevice >= 56.4.100'
[3.174s] --   Found libavdevice, version 60.3.100
[3.272s] -- Found AVDEVICE: TRUE (Required is at least version "56.4.100") 
[3.283s] -- Checking for module 'libavformat'
[3.309s] --   Found libavformat, version 60.16.100
[3.378s] -- Found AVFORMAT: TRUE  
[3.388s] -- Checking for module 'libavcodec'
[3.408s] --   Found libavcodec, version 60.31.102
[3.470s] -- Found AVCODEC: TRUE  
[3.479s] -- Checking for module 'libavutil'
[3.500s] --   Found libavutil, version 58.29.100
[3.557s] -- Found AVUTIL: TRUE  
[3.558s] -- Searching for <gz-common5> component [events]
[3.576s] -- Looking for gz-common5-events -- found version 5.7.1
[3.577s] -- Searching for dependencies of gz-common5-events
[3.578s] -- Looking for gz-math7 -- found version 7.5.2
[3.579s] -- Searching for <gz-common5> component [graphics]
[3.596s] -- Looking for gz-common5-graphics -- found version 5.7.1
[3.596s] -- Searching for dependencies of gz-common5-graphics
[3.597s] -- Looking for gz-math7 -- found version 7.5.2
[3.632s] -- Found GzAssimp: TRUE (found version "5.3.0") 
[3.634s] -- Searching for <gz-common5> component [io]
[3.653s] -- Looking for gz-common5-io -- found version 5.7.1
[3.653s] -- Searching for dependencies of gz-common5-io
[3.654s] -- Searching for <gz-common5> component [profiler]
[3.674s] -- Looking for gz-fuel_tools9 -- found version 9.1.1
[3.674s] -- Searching for dependencies of gz-fuel_tools9
[3.869s] -- Found CURL: /usr/lib/x86_64-linux-gnu/libcurl.so (found version "8.5.0")  
[3.911s] -- Checking for module 'jsoncpp'
[3.929s] --   Found jsoncpp, version 1.9.5
[3.983s] -- Found JSONCPP: TRUE  
[4.051s] -- Checking for module 'yaml-0.1'
[4.079s] --   Found yaml-0.1, version 0.2.5
[4.129s] -- Found YAML: TRUE  
[4.140s] -- Checking for module 'libzip'
[4.170s] --   Found libzip, version 1.7.3
[4.229s] -- Found ZIP: TRUE  
[4.230s] -- Looking for gz-utils2 -- found version 2.2.1
[4.231s] -- Looking for gz-common5 -- found version 5.7.1
[4.231s] -- Searching for dependencies of gz-common5
[4.232s] -- Looking for gz-utils2 -- found version 2.2.1
[4.232s] -- Looking for dlfcn.h - found
[4.233s] -- Looking for libdl - found
[4.242s] -- Searching for <gz-common5> component [testing]
[4.258s] -- Looking for gz-common5-testing -- found version 5.7.1
[4.258s] -- Searching for dependencies of gz-common5-testing
[4.260s] -- Looking for gz-math7 -- found version 7.5.2
[4.260s] -- Looking for gz-msgs10 -- found version 10.3.2
[4.273s] -- Looking for gz-gui8 -- found version 8.4.0
[4.274s] -- Searching for dependencies of gz-gui8
[4.352s] -- Looking for gz-utils2 -- found version 2.2.1
[4.353s] -- Looking for gz-math7 -- found version 7.5.2
[4.353s] -- Looking for gz-common5 -- found version 5.7.1
[4.354s] -- Looking for gz-plugin2 -- found version 2.0.4
[4.355s] -- Looking for gz-transport13 -- found version 13.4.1
[4.370s] -- Looking for gz-rendering8 -- found version 8.2.2
[4.370s] -- Searching for dependencies of gz-rendering8
[4.370s] -- Looking for gz-math7 -- found version 7.5.2
[4.371s] -- Searching for dependencies of gz-math7
[4.371s] -- Looking for gz-utils2 -- found version 2.2.1
[4.371s] -- Searching for <gz-math7> component [eigen3]
[4.391s] -- Looking for gz-math7-eigen3 -- found version 7.5.2
[4.391s] -- Searching for dependencies of gz-math7-eigen3
[4.446s] -- Looking for gz-common5 -- found version 5.7.1
[4.446s] -- Searching for dependencies of gz-common5
[4.446s] -- Looking for gz-utils2 -- found version 2.2.1
[4.446s] -- Looking for dlfcn.h - found
[4.446s] -- Looking for libdl - found
[4.450s] -- Searching for <gz-common5> component [graphics]
[4.450s] -- Searching for <gz-common5> component [events]
[4.450s] -- Searching for <gz-common5> component [geospatial]
[4.459s] -- Looking for gz-common5-geospatial -- found version 5.7.1
[4.459s] -- Searching for dependencies of gz-common5-geospatial
[4.459s] -- Looking for gz-math7 -- found version 7.5.2
[4.459s] -- Looking for gz-common5 -- found version 5.7.1
[4.460s] -- Looking for gz-plugin2 -- found version 2.0.4
[4.460s] -- Searching for dependencies of gz-plugin2
[4.460s] -- Looking for gz-utils2 -- found version 2.2.1
[4.460s] -- Searching for <gz-plugin2> component [all]
[4.470s] -- Looking for all libraries of gz-plugin2 -- found version 2.0.4
[4.471s] -- Looking for gz-plugin2 -- found version 2.0.4
[4.472s] -- Looking for gz-utils2 -- found version 2.2.1
[4.514s] -- Found OpenGL: /usr/lib/x86_64-linux-gnu/libOpenGL.so  found components: OpenGL 
[4.520s] -- Looking for gz-msgs10 -- found version 10.3.2
[4.649s] -- Looking for gz-physics7 -- found version 7.5.0
[4.650s] -- Searching for dependencies of gz-physics7
[4.651s] -- Looking for gz-common5 -- found version 5.7.1
[4.652s] -- Looking for gz-math7 -- found version 7.5.2
[4.652s] -- Looking for gz-plugin2 -- found version 2.0.4
[4.653s] -- Looking for gz-utils2 -- found version 2.2.1
[4.656s] -- Searching for <gz-physics7> component [heightmap]
[4.666s] -- Looking for gz-physics7-heightmap -- found version 7.5.0
[4.666s] -- Searching for dependencies of gz-physics7-heightmap
[4.667s] -- Looking for gz-common5 -- found version 5.7.1
[4.668s] -- Searching for <gz-physics7> component [mesh]
[4.679s] -- Looking for gz-physics7-mesh -- found version 7.5.0
[4.679s] -- Searching for dependencies of gz-physics7-mesh
[4.680s] -- Looking for gz-common5 -- found version 5.7.1
[4.681s] -- Searching for <gz-physics7> component [sdf]
[4.691s] -- Looking for gz-physics7-sdf -- found version 7.5.0
[4.691s] -- Searching for dependencies of gz-physics7-sdf
[4.692s] -- Looking for sdformat14 -- found version 14.7.0
[4.706s] -- Looking for gz-sensors8 -- found version 8.2.2
[4.707s] -- Searching for dependencies of gz-sensors8
[4.778s] -- Looking for gz-math7 -- found version 7.5.2
[4.779s] -- Looking for gz-common5 -- found version 5.7.1
[4.780s] -- Looking for gz-transport13 -- found version 13.4.1
[4.781s] -- Looking for gz-rendering8 -- found version 8.2.2
[4.781s] -- Looking for gz-msgs10 -- found version 10.3.2
[4.782s] -- Looking for sdformat14 -- found version 14.7.0
[4.784s] -- Searching for <gz-sensors8> component [air_pressure]
[4.794s] -- Looking for gz-sensors8-air_pressure -- found version 8.2.2
[4.795s] -- Searching for dependencies of gz-sensors8-air_pressure
[4.796s] -- Searching for <gz-sensors8> component [air_speed]
[4.807s] -- Looking for gz-sensors8-air_speed -- found version 8.2.2
[4.807s] -- Searching for dependencies of gz-sensors8-air_speed
[4.808s] -- Searching for <gz-sensors8> component [altimeter]
[4.819s] -- Looking for gz-sensors8-altimeter -- found version 8.2.2
[4.819s] -- Searching for dependencies of gz-sensors8-altimeter
[4.821s] -- Searching for <gz-sensors8> component [imu]
[4.831s] -- Looking for gz-sensors8-imu -- found version 8.2.2
[4.831s] -- Searching for dependencies of gz-sensors8-imu
[4.833s] -- Searching for <gz-sensors8> component [force_torque]
[4.842s] -- Looking for gz-sensors8-force_torque -- found version 8.2.2
[4.843s] -- Searching for dependencies of gz-sensors8-force_torque
[4.844s] -- Searching for <gz-sensors8> component [logical_camera]
[4.854s] -- Looking for gz-sensors8-logical_camera -- found version 8.2.2
[4.854s] -- Searching for dependencies of gz-sensors8-logical_camera
[4.855s] -- Searching for <gz-sensors8> component [magnetometer]
[4.867s] -- Looking for gz-sensors8-magnetometer -- found version 8.2.2
[4.868s] -- Searching for dependencies of gz-sensors8-magnetometer
[4.869s] -- Searching for <gz-sensors8> component [navsat]
[4.880s] -- Looking for gz-sensors8-navsat -- found version 8.2.2
[4.880s] -- Searching for dependencies of gz-sensors8-navsat
[4.881s] -- Searching for <gz-sensors8> component [dvl]
[4.892s] -- Looking for gz-sensors8-dvl -- found version 8.2.2
[4.892s] -- Searching for dependencies of gz-sensors8-dvl
[4.893s] -- Looking for gz-sensors8 -- found version 8.2.2
[4.893s] -- Searching for dependencies of gz-sensors8
[4.967s] -- Looking for gz-math7 -- found version 7.5.2
[4.968s] -- Looking for gz-common5 -- found version 5.7.1
[4.969s] -- Looking for gz-transport13 -- found version 13.4.1
[4.970s] -- Looking for gz-rendering8 -- found version 8.2.2
[4.971s] -- Looking for gz-msgs10 -- found version 10.3.2
[4.972s] -- Looking for sdformat14 -- found version 14.7.0
[4.972s] -- Searching for <gz-sensors8> component [rendering]
[4.983s] -- Looking for gz-sensors8-rendering -- found version 8.2.2
[4.983s] -- Searching for dependencies of gz-sensors8-rendering
[4.986s] -- Searching for <gz-sensors8> component [rendering]
[4.986s] -- Searching for <gz-sensors8> component [lidar]
[4.996s] -- Looking for gz-sensors8-lidar -- found version 8.2.2
[4.996s] -- Searching for dependencies of gz-sensors8-lidar
[4.997s] -- Looking for gz-sensors8 -- found version 8.2.2
[4.998s] -- Searching for <gz-sensors8> component [gpu_lidar]
[5.008s] -- Looking for gz-sensors8-gpu_lidar -- found version 8.2.2
[5.009s] -- Searching for dependencies of gz-sensors8-gpu_lidar
[5.009s] -- Looking for gz-sensors8 -- found version 8.2.2
[5.011s] -- Searching for <gz-sensors8> component [camera]
[5.021s] -- Looking for gz-sensors8-camera -- found version 8.2.2
[5.021s] -- Searching for dependencies of gz-sensors8-camera
[5.022s] -- Looking for gz-sensors8 -- found version 8.2.2
[5.023s] -- Searching for <gz-sensors8> component [boundingbox_camera]
[5.032s] -- Looking for gz-sensors8-boundingbox_camera -- found version 8.2.2
[5.033s] -- Searching for dependencies of gz-sensors8-boundingbox_camera
[5.034s] -- Searching for <gz-sensors8> component [segmentation_camera]
[5.043s] -- Looking for gz-sensors8-segmentation_camera -- found version 8.2.2
[5.044s] -- Searching for dependencies of gz-sensors8-segmentation_camera
[5.045s] -- Searching for <gz-sensors8> component [depth_camera]
[5.054s] -- Looking for gz-sensors8-depth_camera -- found version 8.2.2
[5.055s] -- Searching for dependencies of gz-sensors8-depth_camera
[5.056s] -- Looking for gz-sensors8 -- found version 8.2.2
[5.057s] -- Searching for <gz-sensors8> component [rgbd_camera]
[5.066s] -- Looking for gz-sensors8-rgbd_camera -- found version 8.2.2
[5.067s] -- Searching for dependencies of gz-sensors8-rgbd_camera
[5.067s] -- Looking for gz-sensors8 -- found version 8.2.2
[5.069s] -- Searching for <gz-sensors8> component [thermal_camera]
[5.079s] -- Looking for gz-sensors8-thermal_camera -- found version 8.2.2
[5.080s] -- Searching for dependencies of gz-sensors8-thermal_camera
[5.080s] -- Looking for gz-sensors8 -- found version 8.2.2
[5.082s] -- Searching for <gz-sensors8> component [wide_angle_camera]
[5.092s] -- Looking for gz-sensors8-wide_angle_camera -- found version 8.2.2
[5.092s] -- Searching for dependencies of gz-sensors8-wide_angle_camera
[5.095s] -- Looking for gz-rendering8 -- found version 8.2.2
[5.095s] -- Looking for gz-math7 -- found version 7.5.2
[5.096s] -- Looking for gz-utils2 -- found version 2.2.1
[5.168s] -- Compiling against Gazebo Harmonic
[5.200s] -- Found ament_lint_auto: 0.17.2 (/opt/ros/jazzy/share/ament_lint_auto/cmake)
[5.388s] -- Configuring done (5.3s)
[5.659s] -- Generating done (0.2s)
[5.721s] -- Build files have been written to: /home/wisemaa3/Desktop/Robots/ros-lab-2/build/ros_gz_gazebo
[5.736s] Invoked command in '/home/wisemaa3/Desktop/Robots/ros-lab-2/build/ros_gz_gazebo' returned '0': CMAKE_PREFIX_PATH=/home/wisemaa3/Desktop/Robots/ros-lab-2/install/ros_gz_description:/opt/ros/jazzy/opt/gz_sim_vendor:/opt/ros/jazzy/opt/gz_sensors_vendor:/opt/ros/jazzy/opt/gz_physics_vendor:/opt/ros/jazzy/opt/sdformat_vendor:/opt/ros/jazzy/opt/gz_gui_vendor:/opt/ros/jazzy/opt/gz_transport_vendor:/opt/ros/jazzy/opt/gz_rendering_vendor:/opt/ros/jazzy/opt/gz_plugin_vendor:/opt/ros/jazzy/opt/gz_fuel_tools_vendor:/opt/ros/jazzy/opt/gz_msgs_vendor:/opt/ros/jazzy/opt/gz_common_vendor:/opt/ros/jazzy/opt/gz_math_vendor:/opt/ros/jazzy/opt/gz_utils_vendor:/opt/ros/jazzy/opt/gz_tools_vendor:/opt/ros/jazzy/opt/gz_ogre_next_vendor:/opt/ros/jazzy/opt/gz_dartsim_vendor:/opt/ros/jazzy/opt/gz_cmake_vendor:/opt/ros/jazzy PS1=<ROS2-Jazzy>[\u@\h \W]$ /usr/bin/cmake /home/wisemaa3/Desktop/Robots/ros-lab-2/ros_gz_gazebo -DBUILD_TESTING=ON -DCMAKE_INSTALL_PREFIX=/home/wisemaa3/Desktop/Robots/ros-lab-2/install/ros_gz_gazebo
[5.738s] Invoking command in '/home/wisemaa3/Desktop/Robots/ros-lab-2/build/ros_gz_gazebo': CMAKE_PREFIX_PATH=/home/wisemaa3/Desktop/Robots/ros-lab-2/install/ros_gz_description:/opt/ros/jazzy/opt/gz_sim_vendor:/opt/ros/jazzy/opt/gz_sensors_vendor:/opt/ros/jazzy/opt/gz_physics_vendor:/opt/ros/jazzy/opt/sdformat_vendor:/opt/ros/jazzy/opt/gz_gui_vendor:/opt/ros/jazzy/opt/gz_transport_vendor:/opt/ros/jazzy/opt/gz_rendering_vendor:/opt/ros/jazzy/opt/gz_plugin_vendor:/opt/ros/jazzy/opt/gz_fuel_tools_vendor:/opt/ros/jazzy/opt/gz_msgs_vendor:/opt/ros/jazzy/opt/gz_common_vendor:/opt/ros/jazzy/opt/gz_math_vendor:/opt/ros/jazzy/opt/gz_utils_vendor:/opt/ros/jazzy/opt/gz_tools_vendor:/opt/ros/jazzy/opt/gz_ogre_next_vendor:/opt/ros/jazzy/opt/gz_dartsim_vendor:/opt/ros/jazzy/opt/gz_cmake_vendor:/opt/ros/jazzy PS1=<ROS2-Jazzy>[\u@\h \W]$ /usr/bin/cmake --build /home/wisemaa3/Desktop/Robots/ros-lab-2/build/ros_gz_gazebo -- -j28 -l28
[5.868s] [ 50%] [32mBuilding CXX object CMakeFiles/FullSystem.dir/src/FullSystem.cc.o[0m
[5.869s] [ 50%] [32mBuilding CXX object CMakeFiles/BasicSystem.dir/src/BasicSystem.cc.o[0m
[7.428s] [ 75%] [32m[1mLinking CXX shared library libBasicSystem.so[0m
[7.471s] [100%] [32m[1mLinking CXX shared library libFullSystem.so[0m
[7.671s] [100%] Built target BasicSystem
[7.674s] [100%] Built target FullSystem
[7.699s] Invoked command in '/home/wisemaa3/Desktop/Robots/ros-lab-2/build/ros_gz_gazebo' returned '0': CMAKE_PREFIX_PATH=/home/wisemaa3/Desktop/Robots/ros-lab-2/install/ros_gz_description:/opt/ros/jazzy/opt/gz_sim_vendor:/opt/ros/jazzy/opt/gz_sensors_vendor:/opt/ros/jazzy/opt/gz_physics_vendor:/opt/ros/jazzy/opt/sdformat_vendor:/opt/ros/jazzy/opt/gz_gui_vendor:/opt/ros/jazzy/opt/gz_transport_vendor:/opt/ros/jazzy/opt/gz_rendering_vendor:/opt/ros/jazzy/opt/gz_plugin_vendor:/opt/ros/jazzy/opt/gz_fuel_tools_vendor:/opt/ros/jazzy/opt/gz_msgs_vendor:/opt/ros/jazzy/opt/gz_common_vendor:/opt/ros/jazzy/opt/gz_math_vendor:/opt/ros/jazzy/opt/gz_utils_vendor:/opt/ros/jazzy/opt/gz_tools_vendor:/opt/ros/jazzy/opt/gz_ogre_next_vendor:/opt/ros/jazzy/opt/gz_dartsim_vendor:/opt/ros/jazzy/opt/gz_cmake_vendor:/opt/ros/jazzy PS1=<ROS2-Jazzy>[\u@\h \W]$ /usr/bin/cmake --build /home/wisemaa3/Desktop/Robots/ros-lab-2/build/ros_gz_gazebo -- -j28 -l28
[7.703s] Invoking command in '/home/wisemaa3/Desktop/Robots/ros-lab-2/build/ros_gz_gazebo': CMAKE_PREFIX_PATH=/home/wisemaa3/Desktop/Robots/ros-lab-2/install/ros_gz_description:/opt/ros/jazzy/opt/gz_sim_vendor:/opt/ros/jazzy/opt/gz_sensors_vendor:/opt/ros/jazzy/opt/gz_physics_vendor:/opt/ros/jazzy/opt/sdformat_vendor:/opt/ros/jazzy/opt/gz_gui_vendor:/opt/ros/jazzy/opt/gz_transport_vendor:/opt/ros/jazzy/opt/gz_rendering_vendor:/opt/ros/jazzy/opt/gz_plugin_vendor:/opt/ros/jazzy/opt/gz_fuel_tools_vendor:/opt/ros/jazzy/opt/gz_msgs_vendor:/opt/ros/jazzy/opt/gz_common_vendor:/opt/ros/jazzy/opt/gz_math_vendor:/opt/ros/jazzy/opt/gz_utils_vendor:/opt/ros/jazzy/opt/gz_tools_vendor:/opt/ros/jazzy/opt/gz_ogre_next_vendor:/opt/ros/jazzy/opt/gz_dartsim_vendor:/opt/ros/jazzy/opt/gz_cmake_vendor:/opt/ros/jazzy PS1=<ROS2-Jazzy>[\u@\h \W]$ /usr/bin/cmake --install /home/wisemaa3/Desktop/Robots/ros-lab-2/build/ros_gz_gazebo
[7.725s] -- Install configuration: ""
[7.730s] -- Installing: /home/wisemaa3/Desktop/Robots/ros-lab-2/install/ros_gz_gazebo/lib/ros_gz_gazebo/libBasicSystem.so
[7.750s] -- Set non-toolchain portion of runtime path of "/home/wisemaa3/Desktop/Robots/ros-lab-2/install/ros_gz_gazebo/lib/ros_gz_gazebo/libBasicSystem.so" to ""
[7.752s] -- Installing: /home/wisemaa3/Desktop/Robots/ros-lab-2/install/ros_gz_gazebo/lib/ros_gz_gazebo/libFullSystem.so
[7.777s] -- Set non-toolchain portion of runtime path of "/home/wisemaa3/Desktop/Robots/ros-lab-2/install/ros_gz_gazebo/lib/ros_gz_gazebo/libFullSystem.so" to ""
[7.778s] -- Installing: /home/wisemaa3/Desktop/Robots/ros-lab-2/install/ros_gz_gazebo/share/ros_gz_gazebo/worlds
[7.784s] -- Installing: /home/wisemaa3/Desktop/Robots/ros-lab-2/install/ros_gz_gazebo/share/ros_gz_gazebo/worlds/maze.sdf
[7.791s] -- Installing: /home/wisemaa3/Desktop/Robots/ros-lab-2/install/ros_gz_gazebo/share/ros_gz_gazebo/worlds/diff_drive.sdf
[7.803s] -- Installing: /home/wisemaa3/Desktop/Robots/ros-lab-2/install/ros_gz_gazebo/share/ros_gz_gazebo/environment/ros_gz_gazebo.dsv
[7.812s] -- Installing: /home/wisemaa3/Desktop/Robots/ros-lab-2/install/ros_gz_gazebo/share/ros_gz_gazebo/environment/ros_gz_gazebo.sh
[7.826s] -- Installing: /home/wisemaa3/Desktop/Robots/ros-lab-2/install/ros_gz_gazebo/share/ament_index/resource_index/package_run_dependencies/ros_gz_gazebo
[7.836s] -- Installing: /home/wisemaa3/Desktop/Robots/ros-lab-2/install/ros_gz_gazebo/share/ament_index/resource_index/parent_prefix_path/ros_gz_gazebo
[7.843s] -- Installing: /home/wisemaa3/Desktop/Robots/ros-lab-2/install/ros_gz_gazebo/share/ros_gz_gazebo/environment/ament_prefix_path.sh
[7.849s] -- Installing: /home/wisemaa3/Desktop/Robots/ros-lab-2/install/ros_gz_gazebo/share/ros_gz_gazebo/environment/ament_prefix_path.dsv
[7.855s] -- Installing: /home/wisemaa3/Desktop/Robots/ros-lab-2/install/ros_gz_gazebo/share/ros_gz_gazebo/environment/path.sh
[7.861s] -- Installing: /home/wisemaa3/Desktop/Robots/ros-lab-2/install/ros_gz_gazebo/share/ros_gz_gazebo/environment/path.dsv
[7.867s] -- Installing: /home/wisemaa3/Desktop/Robots/ros-lab-2/install/ros_gz_gazebo/share/ros_gz_gazebo/local_setup.bash
[7.873s] -- Installing: /home/wisemaa3/Desktop/Robots/ros-lab-2/install/ros_gz_gazebo/share/ros_gz_gazebo/local_setup.sh
[7.880s] -- Installing: /home/wisemaa3/Desktop/Robots/ros-lab-2/install/ros_gz_gazebo/share/ros_gz_gazebo/local_setup.zsh
[7.886s] -- Installing: /home/wisemaa3/Desktop/Robots/ros-lab-2/install/ros_gz_gazebo/share/ros_gz_gazebo/local_setup.dsv
[7.894s] -- Installing: /home/wisemaa3/Desktop/Robots/ros-lab-2/install/ros_gz_gazebo/share/ros_gz_gazebo/package.dsv
[7.904s] -- Installing: /home/wisemaa3/Desktop/Robots/ros-lab-2/install/ros_gz_gazebo/share/ament_index/resource_index/packages/ros_gz_gazebo
[7.914s] -- Installing: /home/wisemaa3/Desktop/Robots/ros-lab-2/install/ros_gz_gazebo/share/ros_gz_gazebo/cmake/ros_gz_gazeboConfig.cmake
[7.920s] -- Installing: /home/wisemaa3/Desktop/Robots/ros-lab-2/install/ros_gz_gazebo/share/ros_gz_gazebo/cmake/ros_gz_gazeboConfig-version.cmake
[7.927s] -- Installing: /home/wisemaa3/Desktop/Robots/ros-lab-2/install/ros_gz_gazebo/share/ros_gz_gazebo/package.xml
[7.937s] Invoked command in '/home/wisemaa3/Desktop/Robots/ros-lab-2/build/ros_gz_gazebo' returned '0': CMAKE_PREFIX_PATH=/home/wisemaa3/Desktop/Robots/ros-lab-2/install/ros_gz_description:/opt/ros/jazzy/opt/gz_sim_vendor:/opt/ros/jazzy/opt/gz_sensors_vendor:/opt/ros/jazzy/opt/gz_physics_vendor:/opt/ros/jazzy/opt/sdformat_vendor:/opt/ros/jazzy/opt/gz_gui_vendor:/opt/ros/jazzy/opt/gz_transport_vendor:/opt/ros/jazzy/opt/gz_rendering_vendor:/opt/ros/jazzy/opt/gz_plugin_vendor:/opt/ros/jazzy/opt/gz_fuel_tools_vendor:/opt/ros/jazzy/opt/gz_msgs_vendor:/opt/ros/jazzy/opt/gz_common_vendor:/opt/ros/jazzy/opt/gz_math_vendor:/opt/ros/jazzy/opt/gz_utils_vendor:/opt/ros/jazzy/opt/gz_tools_vendor:/opt/ros/jazzy/opt/gz_ogre_next_vendor:/opt/ros/jazzy/opt/gz_dartsim_vendor:/opt/ros/jazzy/opt/gz_cmake_vendor:/opt/ros/jazzy PS1=<ROS2-Jazzy>[\u@\h \W]$ /usr/bin/cmake --install /home/wisemaa3/Desktop/Robots/ros-lab-2/build/ros_gz_gazebo
