[0.035s] Invoking command in '/home/wisemaa3/Desktop/Robots/ros-lab-2/build/ros_gz_bringup': AMENT_PREFIX_PATH=/home/wisemaa3/Desktop/Robots/ros-lab-2/install/ros_gz_gazebo:${AMENT_PREFIX_PATH} CMAKE_PREFIX_PATH=/home/wisemaa3/Desktop/Robots/ros-lab-2/install/ros_gz_gazebo:/home/wisemaa3/Desktop/Robots/ros-lab-2/install/ros_gz_description:/opt/ros/jazzy/opt/gz_sim_vendor:/opt/ros/jazzy/opt/gz_sensors_vendor:/opt/ros/jazzy/opt/gz_physics_vendor:/opt/ros/jazzy/opt/sdformat_vendor:/opt/ros/jazzy/opt/gz_gui_vendor:/opt/ros/jazzy/opt/gz_transport_vendor:/opt/ros/jazzy/opt/gz_rendering_vendor:/opt/ros/jazzy/opt/gz_plugin_vendor:/opt/ros/jazzy/opt/gz_fuel_tools_vendor:/opt/ros/jazzy/opt/gz_msgs_vendor:/opt/ros/jazzy/opt/gz_common_vendor:/opt/ros/jazzy/opt/gz_math_vendor:/opt/ros/jazzy/opt/gz_utils_vendor:/opt/ros/jazzy/opt/gz_tools_vendor:/opt/ros/jazzy/opt/gz_ogre_next_vendor:/opt/ros/jazzy/opt/gz_dartsim_vendor:/opt/ros/jazzy/opt/gz_cmake_vendor:/opt/ros/jazzy GZ_SIM_PLUGIN_PATH=/home/wisemaa3/Desktop/Robots/ros-lab-2/install/ros_gz_gazebo/lib/ros_gz_gazebo GZ_SIM_RESOURCE_PATH=/home/wisemaa3/Desktop/Robots/ros-lab-2/install/ros_gz_gazebo/share/ros_gz_gazebo/worlds PS1=<ROS2-Jazzy>[\u@\h \W]$ /usr/bin/cmake /home/wisemaa3/Desktop/Robots/ros-lab-2/ros_gz_bringup -DBUILD_TESTING=ON -DCMAKE_INSTALL_PREFIX=/home/wisemaa3/Desktop/Robots/ros-lab-2/install/ros_gz_bringup
[0.184s] -- The C compiler identification is GNU 13.3.0
[0.306s] -- The CXX compiler identification is GNU 13.3.0
[0.354s] -- Detecting C compiler ABI info
[0.648s] -- Detecting C compiler ABI info - done
[0.665s] -- Check for working C compiler: /usr/bin/cc - skipped
[0.666s] -- Detecting C compile features
[0.666s] -- Detecting C compile features - done
[0.699s] -- Detecting CXX compiler ABI info
[0.967s] -- Detecting CXX compiler ABI info - done
[0.984s] -- Check for working CXX compiler: /usr/bin/c++ - skipped
[0.984s] -- Detecting CXX compile features
[0.985s] -- Detecting CXX compile features - done
[1.034s] -- Found ament_cmake: 2.5.3 (/opt/ros/jazzy/share/ament_cmake/cmake)
[1.227s] -- Found Python3: /usr/bin/python3 (found version "3.12.3") found components: Interpreter 
[1.739s] -- Found ros_gz_description: 0.0.0 (/home/wisemaa3/Desktop/Robots/ros-lab-2/install/ros_gz_description/share/ros_gz_description/cmake)
[1.749s] -- Found ros_gz_gazebo: 0.0.0 (/home/wisemaa3/Desktop/Robots/ros-lab-2/install/ros_gz_gazebo/share/ros_gz_gazebo/cmake)
[1.780s] -- Found ament_lint_auto: 0.17.2 (/opt/ros/jazzy/share/ament_lint_auto/cmake)
[1.903s] -- Configuring done (1.8s)
[2.012s] -- Generating done (0.1s)
[2.061s] -- Build files have been written to: /home/wisemaa3/Desktop/Robots/ros-lab-2/build/ros_gz_bringup
[2.069s] Invoked command in '/home/wisemaa3/Desktop/Robots/ros-lab-2/build/ros_gz_bringup' returned '0': AMENT_PREFIX_PATH=/home/wisemaa3/Desktop/Robots/ros-lab-2/install/ros_gz_gazebo:${AMENT_PREFIX_PATH} CMAKE_PREFIX_PATH=/home/wisemaa3/Desktop/Robots/ros-lab-2/install/ros_gz_gazebo:/home/wisemaa3/Desktop/Robots/ros-lab-2/install/ros_gz_description:/opt/ros/jazzy/opt/gz_sim_vendor:/opt/ros/jazzy/opt/gz_sensors_vendor:/opt/ros/jazzy/opt/gz_physics_vendor:/opt/ros/jazzy/opt/sdformat_vendor:/opt/ros/jazzy/opt/gz_gui_vendor:/opt/ros/jazzy/opt/gz_transport_vendor:/opt/ros/jazzy/opt/gz_rendering_vendor:/opt/ros/jazzy/opt/gz_plugin_vendor:/opt/ros/jazzy/opt/gz_fuel_tools_vendor:/opt/ros/jazzy/opt/gz_msgs_vendor:/opt/ros/jazzy/opt/gz_common_vendor:/opt/ros/jazzy/opt/gz_math_vendor:/opt/ros/jazzy/opt/gz_utils_vendor:/opt/ros/jazzy/opt/gz_tools_vendor:/opt/ros/jazzy/opt/gz_ogre_next_vendor:/opt/ros/jazzy/opt/gz_dartsim_vendor:/opt/ros/jazzy/opt/gz_cmake_vendor:/opt/ros/jazzy GZ_SIM_PLUGIN_PATH=/home/wisemaa3/Desktop/Robots/ros-lab-2/install/ros_gz_gazebo/lib/ros_gz_gazebo GZ_SIM_RESOURCE_PATH=/home/wisemaa3/Desktop/Robots/ros-lab-2/install/ros_gz_gazebo/share/ros_gz_gazebo/worlds PS1=<ROS2-Jazzy>[\u@\h \W]$ /usr/bin/cmake /home/wisemaa3/Desktop/Robots/ros-lab-2/ros_gz_bringup -DBUILD_TESTING=ON -DCMAKE_INSTALL_PREFIX=/home/wisemaa3/Desktop/Robots/ros-lab-2/install/ros_gz_bringup
[2.071s] Invoking command in '/home/wisemaa3/Desktop/Robots/ros-lab-2/build/ros_gz_bringup': AMENT_PREFIX_PATH=/home/wisemaa3/Desktop/Robots/ros-lab-2/install/ros_gz_gazebo:${AMENT_PREFIX_PATH} CMAKE_PREFIX_PATH=/home/wisemaa3/Desktop/Robots/ros-lab-2/install/ros_gz_gazebo:/home/wisemaa3/Desktop/Robots/ros-lab-2/install/ros_gz_description:/opt/ros/jazzy/opt/gz_sim_vendor:/opt/ros/jazzy/opt/gz_sensors_vendor:/opt/ros/jazzy/opt/gz_physics_vendor:/opt/ros/jazzy/opt/sdformat_vendor:/opt/ros/jazzy/opt/gz_gui_vendor:/opt/ros/jazzy/opt/gz_transport_vendor:/opt/ros/jazzy/opt/gz_rendering_vendor:/opt/ros/jazzy/opt/gz_plugin_vendor:/opt/ros/jazzy/opt/gz_fuel_tools_vendor:/opt/ros/jazzy/opt/gz_msgs_vendor:/opt/ros/jazzy/opt/gz_common_vendor:/opt/ros/jazzy/opt/gz_math_vendor:/opt/ros/jazzy/opt/gz_utils_vendor:/opt/ros/jazzy/opt/gz_tools_vendor:/opt/ros/jazzy/opt/gz_ogre_next_vendor:/opt/ros/jazzy/opt/gz_dartsim_vendor:/opt/ros/jazzy/opt/gz_cmake_vendor:/opt/ros/jazzy GZ_SIM_PLUGIN_PATH=/home/wisemaa3/Desktop/Robots/ros-lab-2/install/ros_gz_gazebo/lib/ros_gz_gazebo GZ_SIM_RESOURCE_PATH=/home/wisemaa3/Desktop/Robots/ros-lab-2/install/ros_gz_gazebo/share/ros_gz_gazebo/worlds PS1=<ROS2-Jazzy>[\u@\h \W]$ /usr/bin/cmake --build /home/wisemaa3/Desktop/Robots/ros-lab-2/build/ros_gz_bringup -- -j28 -l28
[2.180s] Invoked command in '/home/wisemaa3/Desktop/Robots/ros-lab-2/build/ros_gz_bringup' returned '0': AMENT_PREFIX_PATH=/home/wisemaa3/Desktop/Robots/ros-lab-2/install/ros_gz_gazebo:${AMENT_PREFIX_PATH} CMAKE_PREFIX_PATH=/home/wisemaa3/Desktop/Robots/ros-lab-2/install/ros_gz_gazebo:/home/wisemaa3/Desktop/Robots/ros-lab-2/install/ros_gz_description:/opt/ros/jazzy/opt/gz_sim_vendor:/opt/ros/jazzy/opt/gz_sensors_vendor:/opt/ros/jazzy/opt/gz_physics_vendor:/opt/ros/jazzy/opt/sdformat_vendor:/opt/ros/jazzy/opt/gz_gui_vendor:/opt/ros/jazzy/opt/gz_transport_vendor:/opt/ros/jazzy/opt/gz_rendering_vendor:/opt/ros/jazzy/opt/gz_plugin_vendor:/opt/ros/jazzy/opt/gz_fuel_tools_vendor:/opt/ros/jazzy/opt/gz_msgs_vendor:/opt/ros/jazzy/opt/gz_common_vendor:/opt/ros/jazzy/opt/gz_math_vendor:/opt/ros/jazzy/opt/gz_utils_vendor:/opt/ros/jazzy/opt/gz_tools_vendor:/opt/ros/jazzy/opt/gz_ogre_next_vendor:/opt/ros/jazzy/opt/gz_dartsim_vendor:/opt/ros/jazzy/opt/gz_cmake_vendor:/opt/ros/jazzy GZ_SIM_PLUGIN_PATH=/home/wisemaa3/Desktop/Robots/ros-lab-2/install/ros_gz_gazebo/lib/ros_gz_gazebo GZ_SIM_RESOURCE_PATH=/home/wisemaa3/Desktop/Robots/ros-lab-2/install/ros_gz_gazebo/share/ros_gz_gazebo/worlds PS1=<ROS2-Jazzy>[\u@\h \W]$ /usr/bin/cmake --build /home/wisemaa3/Desktop/Robots/ros-lab-2/build/ros_gz_bringup -- -j28 -l28
[2.182s] Invoking command in '/home/wisemaa3/Desktop/Robots/ros-lab-2/build/ros_gz_bringup': AMENT_PREFIX_PATH=/home/wisemaa3/Desktop/Robots/ros-lab-2/install/ros_gz_gazebo:${AMENT_PREFIX_PATH} CMAKE_PREFIX_PATH=/home/wisemaa3/Desktop/Robots/ros-lab-2/install/ros_gz_gazebo:/home/wisemaa3/Desktop/Robots/ros-lab-2/install/ros_gz_description:/opt/ros/jazzy/opt/gz_sim_vendor:/opt/ros/jazzy/opt/gz_sensors_vendor:/opt/ros/jazzy/opt/gz_physics_vendor:/opt/ros/jazzy/opt/sdformat_vendor:/opt/ros/jazzy/opt/gz_gui_vendor:/opt/ros/jazzy/opt/gz_transport_vendor:/opt/ros/jazzy/opt/gz_rendering_vendor:/opt/ros/jazzy/opt/gz_plugin_vendor:/opt/ros/jazzy/opt/gz_fuel_tools_vendor:/opt/ros/jazzy/opt/gz_msgs_vendor:/opt/ros/jazzy/opt/gz_common_vendor:/opt/ros/jazzy/opt/gz_math_vendor:/opt/ros/jazzy/opt/gz_utils_vendor:/opt/ros/jazzy/opt/gz_tools_vendor:/opt/ros/jazzy/opt/gz_ogre_next_vendor:/opt/ros/jazzy/opt/gz_dartsim_vendor:/opt/ros/jazzy/opt/gz_cmake_vendor:/opt/ros/jazzy GZ_SIM_PLUGIN_PATH=/home/wisemaa3/Desktop/Robots/ros-lab-2/install/ros_gz_gazebo/lib/ros_gz_gazebo GZ_SIM_RESOURCE_PATH=/home/wisemaa3/Desktop/Robots/ros-lab-2/install/ros_gz_gazebo/share/ros_gz_gazebo/worlds PS1=<ROS2-Jazzy>[\u@\h \W]$ /usr/bin/cmake --install /home/wisemaa3/Desktop/Robots/ros-lab-2/build/ros_gz_bringup
[2.211s] -- Install configuration: ""
[2.211s] -- Installing: /home/wisemaa3/Desktop/Robots/ros-lab-2/install/ros_gz_bringup/share/ros_gz_bringup/launch
[2.219s] -- Installing: /home/wisemaa3/Desktop/Robots/ros-lab-2/install/ros_gz_bringup/share/ros_gz_bringup/launch/diff_drive.launch.py
[2.226s] -- Installing: /home/wisemaa3/Desktop/Robots/ros-lab-2/install/ros_gz_bringup/share/ros_gz_bringup/config
[2.232s] -- Installing: /home/wisemaa3/Desktop/Robots/ros-lab-2/install/ros_gz_bringup/share/ros_gz_bringup/config/diff_drive.rviz
[2.239s] -- Installing: /home/wisemaa3/Desktop/Robots/ros-lab-2/install/ros_gz_bringup/share/ros_gz_bringup/config/ros_gz_bridge.yaml
[2.250s] -- Installing: /home/wisemaa3/Desktop/Robots/ros-lab-2/install/ros_gz_bringup/share/ament_index/resource_index/package_run_dependencies/ros_gz_bringup
[2.261s] -- Installing: /home/wisemaa3/Desktop/Robots/ros-lab-2/install/ros_gz_bringup/share/ament_index/resource_index/parent_prefix_path/ros_gz_bringup
[2.271s] -- Installing: /home/wisemaa3/Desktop/Robots/ros-lab-2/install/ros_gz_bringup/share/ros_gz_bringup/environment/ament_prefix_path.sh
[2.277s] -- Installing: /home/wisemaa3/Desktop/Robots/ros-lab-2/install/ros_gz_bringup/share/ros_gz_bringup/environment/ament_prefix_path.dsv
[2.284s] -- Installing: /home/wisemaa3/Desktop/Robots/ros-lab-2/install/ros_gz_bringup/share/ros_gz_bringup/environment/path.sh
[2.290s] -- Installing: /home/wisemaa3/Desktop/Robots/ros-lab-2/install/ros_gz_bringup/share/ros_gz_bringup/environment/path.dsv
[2.296s] -- Installing: /home/wisemaa3/Desktop/Robots/ros-lab-2/install/ros_gz_bringup/share/ros_gz_bringup/local_setup.bash
[2.303s] -- Installing: /home/wisemaa3/Desktop/Robots/ros-lab-2/install/ros_gz_bringup/share/ros_gz_bringup/local_setup.sh
[2.310s] -- Installing: /home/wisemaa3/Desktop/Robots/ros-lab-2/install/ros_gz_bringup/share/ros_gz_bringup/local_setup.zsh
[2.318s] -- Installing: /home/wisemaa3/Desktop/Robots/ros-lab-2/install/ros_gz_bringup/share/ros_gz_bringup/local_setup.dsv
[2.325s] -- Installing: /home/wisemaa3/Desktop/Robots/ros-lab-2/install/ros_gz_bringup/share/ros_gz_bringup/package.dsv
[2.336s] -- Installing: /home/wisemaa3/Desktop/Robots/ros-lab-2/install/ros_gz_bringup/share/ament_index/resource_index/packages/ros_gz_bringup
[2.346s] -- Installing: /home/wisemaa3/Desktop/Robots/ros-lab-2/install/ros_gz_bringup/share/ros_gz_bringup/cmake/ros_gz_bringupConfig.cmake
[2.352s] -- Installing: /home/wisemaa3/Desktop/Robots/ros-lab-2/install/ros_gz_bringup/share/ros_gz_bringup/cmake/ros_gz_bringupConfig-version.cmake
[2.359s] -- Installing: /home/wisemaa3/Desktop/Robots/ros-lab-2/install/ros_gz_bringup/share/ros_gz_bringup/package.xml
[2.370s] Invoked command in '/home/wisemaa3/Desktop/Robots/ros-lab-2/build/ros_gz_bringup' returned '0': AMENT_PREFIX_PATH=/home/wisemaa3/Desktop/Robots/ros-lab-2/install/ros_gz_gazebo:${AMENT_PREFIX_PATH} CMAKE_PREFIX_PATH=/home/wisemaa3/Desktop/Robots/ros-lab-2/install/ros_gz_gazebo:/home/wisemaa3/Desktop/Robots/ros-lab-2/install/ros_gz_description:/opt/ros/jazzy/opt/gz_sim_vendor:/opt/ros/jazzy/opt/gz_sensors_vendor:/opt/ros/jazzy/opt/gz_physics_vendor:/opt/ros/jazzy/opt/sdformat_vendor:/opt/ros/jazzy/opt/gz_gui_vendor:/opt/ros/jazzy/opt/gz_transport_vendor:/opt/ros/jazzy/opt/gz_rendering_vendor:/opt/ros/jazzy/opt/gz_plugin_vendor:/opt/ros/jazzy/opt/gz_fuel_tools_vendor:/opt/ros/jazzy/opt/gz_msgs_vendor:/opt/ros/jazzy/opt/gz_common_vendor:/opt/ros/jazzy/opt/gz_math_vendor:/opt/ros/jazzy/opt/gz_utils_vendor:/opt/ros/jazzy/opt/gz_tools_vendor:/opt/ros/jazzy/opt/gz_ogre_next_vendor:/opt/ros/jazzy/opt/gz_dartsim_vendor:/opt/ros/jazzy/opt/gz_cmake_vendor:/opt/ros/jazzy GZ_SIM_PLUGIN_PATH=/home/wisemaa3/Desktop/Robots/ros-lab-2/install/ros_gz_gazebo/lib/ros_gz_gazebo GZ_SIM_RESOURCE_PATH=/home/wisemaa3/Desktop/Robots/ros-lab-2/install/ros_gz_gazebo/share/ros_gz_gazebo/worlds PS1=<ROS2-Jazzy>[\u@\h \W]$ /usr/bin/cmake --install /home/wisemaa3/Desktop/Robots/ros-lab-2/build/ros_gz_bringup
