[0.380s] DEBUG:colcon:Command line arguments: ['/usr/bin/colcon', 'build', '--cmake-args', '-DBUILD_TESTING=ON']
[0.381s] DEBUG:colcon:Parsed command line arguments: Namespace(log_base=None, log_level=None, verb_name='build', build_base='build', install_base='install', merge_install=False, symlink_install=False, test_result_base=None, continue_on_error=False, executor='parallel', parallel_workers=28, event_handlers=None, ignore_user_meta=False, metas=['./colcon.meta'], base_paths=['.'], packages_ignore=None, packages_ignore_regex=None, paths=None, packages_up_to=None, packages_up_to_regex=None, packages_above=None, packages_above_and_dependencies=None, packages_above_depth=None, packages_select_by_dep=None, packages_skip_by_dep=None, packages_skip_up_to=None, packages_select_build_failed=False, packages_skip_build_finished=False, packages_select_test_failures=False, packages_skip_test_passed=False, packages_select=None, packages_skip=None, packages_select_regex=None, packages_skip_regex=None, packages_start=None, packages_end=None, allow_overriding=[], cmake_args=['-DBUILD_TESTING=ON'], cmake_target=None, cmake_target_skip_unavailable=False, cmake_clean_cache=False, cmake_clean_first=False, cmake_force_configure=False, ament_cmake_args=None, catkin_cmake_args=None, catkin_skip_building_tests=False, mixin_files=None, mixin=None, verb_parser=<colcon_mixin.mixin.mixin_argument.MixinArgumentDecorator object at 0x7fa60c362f60>, verb_extension=<colcon_core.verb.build.BuildVerb object at 0x7fa60c4d37d0>, main=<bound method BuildVerb.main of <colcon_core.verb.build.BuildVerb object at 0x7fa60c4d37d0>>, mixin_verb=('build',))
[0.439s] Level 1:colcon.colcon_core.package_discovery:discover_packages(colcon_meta) check parameters
[0.439s] Level 1:colcon.colcon_core.package_discovery:discover_packages(recursive) check parameters
[0.439s] Level 1:colcon.colcon_core.package_discovery:discover_packages(ignore) check parameters
[0.439s] Level 1:colcon.colcon_core.package_discovery:discover_packages(path) check parameters
[0.439s] Level 1:colcon.colcon_core.package_discovery:discover_packages(colcon_meta) discover
[0.440s] Level 1:colcon.colcon_core.package_discovery:discover_packages(recursive) discover
[0.440s] INFO:colcon.colcon_core.package_discovery:Crawling recursively for packages in '/home/wisemaa3/Desktop/Robots/ros-lab-2'
[0.440s] Level 1:colcon.colcon_core.package_identification:_identify(.) by extensions ['ignore', 'ignore_ament_install']
[0.440s] Level 1:colcon.colcon_core.package_identification:_identify(.) by extension 'ignore'
[0.440s] Level 1:colcon.colcon_core.package_identification:_identify(.) by extension 'ignore_ament_install'
[0.441s] Level 1:colcon.colcon_core.package_identification:_identify(.) by extensions ['colcon_pkg']
[0.441s] Level 1:colcon.colcon_core.package_identification:_identify(.) by extension 'colcon_pkg'
[0.441s] Level 1:colcon.colcon_core.package_identification:_identify(.) by extensions ['colcon_meta']
[0.441s] Level 1:colcon.colcon_core.package_identification:_identify(.) by extension 'colcon_meta'
[0.441s] Level 1:colcon.colcon_core.package_identification:_identify(.) by extensions ['ros']
[0.441s] Level 1:colcon.colcon_core.package_identification:_identify(.) by extension 'ros'
[0.471s] Level 1:colcon.colcon_core.package_identification:_identify(.) by extensions ['cmake', 'python']
[0.471s] Level 1:colcon.colcon_core.package_identification:_identify(.) by extension 'cmake'
[0.471s] Level 1:colcon.colcon_core.package_identification:_identify(.) by extension 'python'
[0.471s] Level 1:colcon.colcon_core.package_identification:_identify(.) by extensions ['python_setup_py']
[0.471s] Level 1:colcon.colcon_core.package_identification:_identify(.) by extension 'python_setup_py'
[0.472s] Level 1:colcon.colcon_core.package_identification:_identify(build) by extensions ['ignore', 'ignore_ament_install']
[0.472s] Level 1:colcon.colcon_core.package_identification:_identify(build) by extension 'ignore'
[0.472s] Level 1:colcon.colcon_core.package_identification:_identify(build) ignored
[0.472s] Level 1:colcon.colcon_core.package_identification:_identify(figs) by extensions ['ignore', 'ignore_ament_install']
[0.472s] Level 1:colcon.colcon_core.package_identification:_identify(figs) by extension 'ignore'
[0.473s] Level 1:colcon.colcon_core.package_identification:_identify(figs) by extension 'ignore_ament_install'
[0.473s] Level 1:colcon.colcon_core.package_identification:_identify(figs) by extensions ['colcon_pkg']
[0.473s] Level 1:colcon.colcon_core.package_identification:_identify(figs) by extension 'colcon_pkg'
[0.474s] Level 1:colcon.colcon_core.package_identification:_identify(figs) by extensions ['colcon_meta']
[0.474s] Level 1:colcon.colcon_core.package_identification:_identify(figs) by extension 'colcon_meta'
[0.474s] Level 1:colcon.colcon_core.package_identification:_identify(figs) by extensions ['ros']
[0.474s] Level 1:colcon.colcon_core.package_identification:_identify(figs) by extension 'ros'
[0.475s] Level 1:colcon.colcon_core.package_identification:_identify(figs) by extensions ['cmake', 'python']
[0.475s] Level 1:colcon.colcon_core.package_identification:_identify(figs) by extension 'cmake'
[0.475s] Level 1:colcon.colcon_core.package_identification:_identify(figs) by extension 'python'
[0.475s] Level 1:colcon.colcon_core.package_identification:_identify(figs) by extensions ['python_setup_py']
[0.475s] Level 1:colcon.colcon_core.package_identification:_identify(figs) by extension 'python_setup_py'
[0.476s] Level 1:colcon.colcon_core.package_identification:_identify(install) by extensions ['ignore', 'ignore_ament_install']
[0.476s] Level 1:colcon.colcon_core.package_identification:_identify(install) by extension 'ignore'
[0.476s] Level 1:colcon.colcon_core.package_identification:_identify(install) ignored
[0.476s] Level 1:colcon.colcon_core.package_identification:_identify(log) by extensions ['ignore', 'ignore_ament_install']
[0.476s] Level 1:colcon.colcon_core.package_identification:_identify(log) by extension 'ignore'
[0.477s] Level 1:colcon.colcon_core.package_identification:_identify(log) ignored
[0.477s] Level 1:colcon.colcon_core.package_identification:_identify(ros_gz_app) by extensions ['ignore', 'ignore_ament_install']
[0.477s] Level 1:colcon.colcon_core.package_identification:_identify(ros_gz_app) by extension 'ignore'
[0.477s] Level 1:colcon.colcon_core.package_identification:_identify(ros_gz_app) by extension 'ignore_ament_install'
[0.478s] Level 1:colcon.colcon_core.package_identification:_identify(ros_gz_app) by extensions ['colcon_pkg']
[0.478s] Level 1:colcon.colcon_core.package_identification:_identify(ros_gz_app) by extension 'colcon_pkg'
[0.478s] Level 1:colcon.colcon_core.package_identification:_identify(ros_gz_app) by extensions ['colcon_meta']
[0.478s] Level 1:colcon.colcon_core.package_identification:_identify(ros_gz_app) by extension 'colcon_meta'
[0.478s] Level 1:colcon.colcon_core.package_identification:_identify(ros_gz_app) by extensions ['ros']
[0.478s] Level 1:colcon.colcon_core.package_identification:_identify(ros_gz_app) by extension 'ros'
[0.481s] DEBUG:colcon.colcon_core.package_identification:Package 'ros_gz_app' with type 'ros.ament_cmake' and name 'ros_gz_app'
[0.481s] Level 1:colcon.colcon_core.package_identification:_identify(ros_gz_bringup) by extensions ['ignore', 'ignore_ament_install']
[0.481s] Level 1:colcon.colcon_core.package_identification:_identify(ros_gz_bringup) by extension 'ignore'
[0.481s] Level 1:colcon.colcon_core.package_identification:_identify(ros_gz_bringup) by extension 'ignore_ament_install'
[0.482s] Level 1:colcon.colcon_core.package_identification:_identify(ros_gz_bringup) by extensions ['colcon_pkg']
[0.482s] Level 1:colcon.colcon_core.package_identification:_identify(ros_gz_bringup) by extension 'colcon_pkg'
[0.482s] Level 1:colcon.colcon_core.package_identification:_identify(ros_gz_bringup) by extensions ['colcon_meta']
[0.482s] Level 1:colcon.colcon_core.package_identification:_identify(ros_gz_bringup) by extension 'colcon_meta'
[0.482s] Level 1:colcon.colcon_core.package_identification:_identify(ros_gz_bringup) by extensions ['ros']
[0.482s] Level 1:colcon.colcon_core.package_identification:_identify(ros_gz_bringup) by extension 'ros'
[0.483s] DEBUG:colcon.colcon_core.package_identification:Package 'ros_gz_bringup' with type 'ros.ament_cmake' and name 'ros_gz_bringup'
[0.484s] Level 1:colcon.colcon_core.package_identification:_identify(ros_gz_description) by extensions ['ignore', 'ignore_ament_install']
[0.484s] Level 1:colcon.colcon_core.package_identification:_identify(ros_gz_description) by extension 'ignore'
[0.484s] Level 1:colcon.colcon_core.package_identification:_identify(ros_gz_description) by extension 'ignore_ament_install'
[0.485s] Level 1:colcon.colcon_core.package_identification:_identify(ros_gz_description) by extensions ['colcon_pkg']
[0.485s] Level 1:colcon.colcon_core.package_identification:_identify(ros_gz_description) by extension 'colcon_pkg'
[0.485s] Level 1:colcon.colcon_core.package_identification:_identify(ros_gz_description) by extensions ['colcon_meta']
[0.485s] Level 1:colcon.colcon_core.package_identification:_identify(ros_gz_description) by extension 'colcon_meta'
[0.485s] Level 1:colcon.colcon_core.package_identification:_identify(ros_gz_description) by extensions ['ros']
[0.485s] Level 1:colcon.colcon_core.package_identification:_identify(ros_gz_description) by extension 'ros'
[0.486s] DEBUG:colcon.colcon_core.package_identification:Package 'ros_gz_description' with type 'ros.ament_cmake' and name 'ros_gz_description'
[0.486s] Level 1:colcon.colcon_core.package_identification:_identify(ros_gz_gazebo) by extensions ['ignore', 'ignore_ament_install']
[0.486s] Level 1:colcon.colcon_core.package_identification:_identify(ros_gz_gazebo) by extension 'ignore'
[0.487s] Level 1:colcon.colcon_core.package_identification:_identify(ros_gz_gazebo) by extension 'ignore_ament_install'
[0.487s] Level 1:colcon.colcon_core.package_identification:_identify(ros_gz_gazebo) by extensions ['colcon_pkg']
[0.487s] Level 1:colcon.colcon_core.package_identification:_identify(ros_gz_gazebo) by extension 'colcon_pkg'
[0.488s] Level 1:colcon.colcon_core.package_identification:_identify(ros_gz_gazebo) by extensions ['colcon_meta']
[0.488s] Level 1:colcon.colcon_core.package_identification:_identify(ros_gz_gazebo) by extension 'colcon_meta'
[0.488s] Level 1:colcon.colcon_core.package_identification:_identify(ros_gz_gazebo) by extensions ['ros']
[0.488s] Level 1:colcon.colcon_core.package_identification:_identify(ros_gz_gazebo) by extension 'ros'
[0.489s] DEBUG:colcon.colcon_core.package_identification:Package 'ros_gz_gazebo' with type 'ros.ament_cmake' and name 'ros_gz_gazebo'
[0.489s] Level 1:colcon.colcon_core.package_discovery:discover_packages(recursive) using defaults
[0.489s] Level 1:colcon.colcon_core.package_discovery:discover_packages(ignore) discover
[0.489s] Level 1:colcon.colcon_core.package_discovery:discover_packages(ignore) using defaults
[0.489s] Level 1:colcon.colcon_core.package_discovery:discover_packages(path) discover
[0.489s] Level 1:colcon.colcon_core.package_discovery:discover_packages(path) using defaults
[0.515s] Level 1:colcon.colcon_core.package_discovery:discover_packages(prefix_path) check parameters
[0.515s] Level 1:colcon.colcon_core.package_discovery:discover_packages(prefix_path) discover
[0.518s] DEBUG:colcon.colcon_installed_package_information.package_discovery:Found 317 installed packages in /opt/ros/jazzy
[0.518s] Level 1:colcon.colcon_core.package_discovery:discover_packages(prefix_path) using defaults
[0.538s] Level 5:colcon.colcon_core.verb:set package 'ros_gz_app' build argument 'cmake_args' from command line to '['-DBUILD_TESTING=ON']'
[0.538s] Level 5:colcon.colcon_core.verb:set package 'ros_gz_app' build argument 'cmake_target' from command line to 'None'
[0.538s] Level 5:colcon.colcon_core.verb:set package 'ros_gz_app' build argument 'cmake_target_skip_unavailable' from command line to 'False'
[0.538s] Level 5:colcon.colcon_core.verb:set package 'ros_gz_app' build argument 'cmake_clean_cache' from command line to 'False'
[0.538s] Level 5:colcon.colcon_core.verb:set package 'ros_gz_app' build argument 'cmake_clean_first' from command line to 'False'
[0.538s] Level 5:colcon.colcon_core.verb:set package 'ros_gz_app' build argument 'cmake_force_configure' from command line to 'False'
[0.538s] Level 5:colcon.colcon_core.verb:set package 'ros_gz_app' build argument 'ament_cmake_args' from command line to 'None'
[0.538s] Level 5:colcon.colcon_core.verb:set package 'ros_gz_app' build argument 'catkin_cmake_args' from command line to 'None'
[0.538s] Level 5:colcon.colcon_core.verb:set package 'ros_gz_app' build argument 'catkin_skip_building_tests' from command line to 'False'
[0.539s] DEBUG:colcon.colcon_core.verb:Building package 'ros_gz_app' with the following arguments: {'ament_cmake_args': None, 'build_base': '/home/wisemaa3/Desktop/Robots/ros-lab-2/build/ros_gz_app', 'catkin_cmake_args': None, 'catkin_skip_building_tests': False, 'cmake_args': ['-DBUILD_TESTING=ON'], 'cmake_clean_cache': False, 'cmake_clean_first': False, 'cmake_force_configure': False, 'cmake_target': None, 'cmake_target_skip_unavailable': False, 'install_base': '/home/wisemaa3/Desktop/Robots/ros-lab-2/install/ros_gz_app', 'merge_install': False, 'path': '/home/wisemaa3/Desktop/Robots/ros-lab-2/ros_gz_app', 'symlink_install': False, 'test_result_base': None}
[0.539s] Level 5:colcon.colcon_core.verb:set package 'ros_gz_description' build argument 'cmake_args' from command line to '['-DBUILD_TESTING=ON']'
[0.539s] Level 5:colcon.colcon_core.verb:set package 'ros_gz_description' build argument 'cmake_target' from command line to 'None'
[0.539s] Level 5:colcon.colcon_core.verb:set package 'ros_gz_description' build argument 'cmake_target_skip_unavailable' from command line to 'False'
[0.539s] Level 5:colcon.colcon_core.verb:set package 'ros_gz_description' build argument 'cmake_clean_cache' from command line to 'False'
[0.539s] Level 5:colcon.colcon_core.verb:set package 'ros_gz_description' build argument 'cmake_clean_first' from command line to 'False'
[0.539s] Level 5:colcon.colcon_core.verb:set package 'ros_gz_description' build argument 'cmake_force_configure' from command line to 'False'
[0.539s] Level 5:colcon.colcon_core.verb:set package 'ros_gz_description' build argument 'ament_cmake_args' from command line to 'None'
[0.539s] Level 5:colcon.colcon_core.verb:set package 'ros_gz_description' build argument 'catkin_cmake_args' from command line to 'None'
[0.539s] Level 5:colcon.colcon_core.verb:set package 'ros_gz_description' build argument 'catkin_skip_building_tests' from command line to 'False'
[0.539s] DEBUG:colcon.colcon_core.verb:Building package 'ros_gz_description' with the following arguments: {'ament_cmake_args': None, 'build_base': '/home/wisemaa3/Desktop/Robots/ros-lab-2/build/ros_gz_description', 'catkin_cmake_args': None, 'catkin_skip_building_tests': False, 'cmake_args': ['-DBUILD_TESTING=ON'], 'cmake_clean_cache': False, 'cmake_clean_first': False, 'cmake_force_configure': False, 'cmake_target': None, 'cmake_target_skip_unavailable': False, 'install_base': '/home/wisemaa3/Desktop/Robots/ros-lab-2/install/ros_gz_description', 'merge_install': False, 'path': '/home/wisemaa3/Desktop/Robots/ros-lab-2/ros_gz_description', 'symlink_install': False, 'test_result_base': None}
[0.539s] Level 5:colcon.colcon_core.verb:set package 'ros_gz_gazebo' build argument 'cmake_args' from command line to '['-DBUILD_TESTING=ON']'
[0.539s] Level 5:colcon.colcon_core.verb:set package 'ros_gz_gazebo' build argument 'cmake_target' from command line to 'None'
[0.539s] Level 5:colcon.colcon_core.verb:set package 'ros_gz_gazebo' build argument 'cmake_target_skip_unavailable' from command line to 'False'
[0.539s] Level 5:colcon.colcon_core.verb:set package 'ros_gz_gazebo' build argument 'cmake_clean_cache' from command line to 'False'
[0.539s] Level 5:colcon.colcon_core.verb:set package 'ros_gz_gazebo' build argument 'cmake_clean_first' from command line to 'False'
[0.539s] Level 5:colcon.colcon_core.verb:set package 'ros_gz_gazebo' build argument 'cmake_force_configure' from command line to 'False'
[0.539s] Level 5:colcon.colcon_core.verb:set package 'ros_gz_gazebo' build argument 'ament_cmake_args' from command line to 'None'
[0.539s] Level 5:colcon.colcon_core.verb:set package 'ros_gz_gazebo' build argument 'catkin_cmake_args' from command line to 'None'
[0.539s] Level 5:colcon.colcon_core.verb:set package 'ros_gz_gazebo' build argument 'catkin_skip_building_tests' from command line to 'False'
[0.539s] DEBUG:colcon.colcon_core.verb:Building package 'ros_gz_gazebo' with the following arguments: {'ament_cmake_args': None, 'build_base': '/home/wisemaa3/Desktop/Robots/ros-lab-2/build/ros_gz_gazebo', 'catkin_cmake_args': None, 'catkin_skip_building_tests': False, 'cmake_args': ['-DBUILD_TESTING=ON'], 'cmake_clean_cache': False, 'cmake_clean_first': False, 'cmake_force_configure': False, 'cmake_target': None, 'cmake_target_skip_unavailable': False, 'install_base': '/home/wisemaa3/Desktop/Robots/ros-lab-2/install/ros_gz_gazebo', 'merge_install': False, 'path': '/home/wisemaa3/Desktop/Robots/ros-lab-2/ros_gz_gazebo', 'symlink_install': False, 'test_result_base': None}
[0.539s] Level 5:colcon.colcon_core.verb:set package 'ros_gz_bringup' build argument 'cmake_args' from command line to '['-DBUILD_TESTING=ON']'
[0.539s] Level 5:colcon.colcon_core.verb:set package 'ros_gz_bringup' build argument 'cmake_target' from command line to 'None'
[0.539s] Level 5:colcon.colcon_core.verb:set package 'ros_gz_bringup' build argument 'cmake_target_skip_unavailable' from command line to 'False'
[0.539s] Level 5:colcon.colcon_core.verb:set package 'ros_gz_bringup' build argument 'cmake_clean_cache' from command line to 'False'
[0.539s] Level 5:colcon.colcon_core.verb:set package 'ros_gz_bringup' build argument 'cmake_clean_first' from command line to 'False'
[0.539s] Level 5:colcon.colcon_core.verb:set package 'ros_gz_bringup' build argument 'cmake_force_configure' from command line to 'False'
[0.539s] Level 5:colcon.colcon_core.verb:set package 'ros_gz_bringup' build argument 'ament_cmake_args' from command line to 'None'
[0.539s] Level 5:colcon.colcon_core.verb:set package 'ros_gz_bringup' build argument 'catkin_cmake_args' from command line to 'None'
[0.539s] Level 5:colcon.colcon_core.verb:set package 'ros_gz_bringup' build argument 'catkin_skip_building_tests' from command line to 'False'
[0.539s] DEBUG:colcon.colcon_core.verb:Building package 'ros_gz_bringup' with the following arguments: {'ament_cmake_args': None, 'build_base': '/home/wisemaa3/Desktop/Robots/ros-lab-2/build/ros_gz_bringup', 'catkin_cmake_args': None, 'catkin_skip_building_tests': False, 'cmake_args': ['-DBUILD_TESTING=ON'], 'cmake_clean_cache': False, 'cmake_clean_first': False, 'cmake_force_configure': False, 'cmake_target': None, 'cmake_target_skip_unavailable': False, 'install_base': '/home/wisemaa3/Desktop/Robots/ros-lab-2/install/ros_gz_bringup', 'merge_install': False, 'path': '/home/wisemaa3/Desktop/Robots/ros-lab-2/ros_gz_bringup', 'symlink_install': False, 'test_result_base': None}
[0.539s] INFO:colcon.colcon_core.executor:Executing jobs using 'parallel' executor
[0.540s] DEBUG:colcon.colcon_parallel_executor.executor.parallel:run_until_complete
[0.540s] INFO:colcon.colcon_ros.task.ament_cmake.build:Building ROS package in '/home/wisemaa3/Desktop/Robots/ros-lab-2/ros_gz_description' with build type 'ament_cmake'
[0.540s] INFO:colcon.colcon_cmake.task.cmake.build:Building CMake package in '/home/wisemaa3/Desktop/Robots/ros-lab-2/ros_gz_description'
[0.542s] INFO:colcon.colcon_core.plugin_system:Skipping extension 'colcon_core.shell.bat': Not used on non-Windows systems
[0.542s] INFO:colcon.colcon_core.shell:Skip shell extension 'powershell' for command environment: Not usable outside of PowerShell
[0.542s] DEBUG:colcon.colcon_core.shell:Skip shell extension 'dsv' for command environment
[0.550s] INFO:colcon.colcon_ros.task.ament_cmake.build:Building ROS package in '/home/wisemaa3/Desktop/Robots/ros-lab-2/ros_gz_app' with build type 'ament_cmake'
[0.550s] INFO:colcon.colcon_cmake.task.cmake.build:Building CMake package in '/home/wisemaa3/Desktop/Robots/ros-lab-2/ros_gz_app'
[0.550s] INFO:colcon.colcon_core.shell:Skip shell extension 'powershell' for command environment: Not usable outside of PowerShell
[0.550s] DEBUG:colcon.colcon_core.shell:Skip shell extension 'dsv' for command environment
[0.576s] DEBUG:colcon.colcon_core.event_handler.log_command:Invoking command in '/home/wisemaa3/Desktop/Robots/ros-lab-2/build/ros_gz_description': CMAKE_PREFIX_PATH=${CMAKE_PREFIX_PATH}:/opt/ros/jazzy PS1=<ROS2-Jazzy>[\u@\h \W]$ /usr/bin/cmake /home/wisemaa3/Desktop/Robots/ros-lab-2/ros_gz_description -DBUILD_TESTING=ON -DCMAKE_INSTALL_PREFIX=/home/wisemaa3/Desktop/Robots/ros-lab-2/install/ros_gz_description
[0.597s] DEBUG:colcon.colcon_core.event_handler.log_command:Invoking command in '/home/wisemaa3/Desktop/Robots/ros-lab-2/build/ros_gz_app': CMAKE_PREFIX_PATH=${CMAKE_PREFIX_PATH}:/opt/ros/jazzy PS1=<ROS2-Jazzy>[\u@\h \W]$ /usr/bin/cmake /home/wisemaa3/Desktop/Robots/ros-lab-2/ros_gz_app -DBUILD_TESTING=ON -DCMAKE_INSTALL_PREFIX=/home/wisemaa3/Desktop/Robots/ros-lab-2/install/ros_gz_app
[3.561s] DEBUG:colcon.colcon_core.event_handler.log_command:Invoked command in '/home/wisemaa3/Desktop/Robots/ros-lab-2/build/ros_gz_app' returned '0': CMAKE_PREFIX_PATH=${CMAKE_PREFIX_PATH}:/opt/ros/jazzy PS1=<ROS2-Jazzy>[\u@\h \W]$ /usr/bin/cmake /home/wisemaa3/Desktop/Robots/ros-lab-2/ros_gz_app -DBUILD_TESTING=ON -DCMAKE_INSTALL_PREFIX=/home/wisemaa3/Desktop/Robots/ros-lab-2/install/ros_gz_app
[3.563s] DEBUG:colcon.colcon_core.event_handler.log_command:Invoking command in '/home/wisemaa3/Desktop/Robots/ros-lab-2/build/ros_gz_app': CMAKE_PREFIX_PATH=${CMAKE_PREFIX_PATH}:/opt/ros/jazzy PS1=<ROS2-Jazzy>[\u@\h \W]$ /usr/bin/cmake --build /home/wisemaa3/Desktop/Robots/ros-lab-2/build/ros_gz_app -- -j28 -l28
[3.572s] DEBUG:colcon.colcon_core.event_handler.log_command:Invoked command in '/home/wisemaa3/Desktop/Robots/ros-lab-2/build/ros_gz_description' returned '0': CMAKE_PREFIX_PATH=${CMAKE_PREFIX_PATH}:/opt/ros/jazzy PS1=<ROS2-Jazzy>[\u@\h \W]$ /usr/bin/cmake /home/wisemaa3/Desktop/Robots/ros-lab-2/ros_gz_description -DBUILD_TESTING=ON -DCMAKE_INSTALL_PREFIX=/home/wisemaa3/Desktop/Robots/ros-lab-2/install/ros_gz_description
[3.573s] DEBUG:colcon.colcon_core.event_handler.log_command:Invoking command in '/home/wisemaa3/Desktop/Robots/ros-lab-2/build/ros_gz_description': CMAKE_PREFIX_PATH=${CMAKE_PREFIX_PATH}:/opt/ros/jazzy PS1=<ROS2-Jazzy>[\u@\h \W]$ /usr/bin/cmake --build /home/wisemaa3/Desktop/Robots/ros-lab-2/build/ros_gz_description -- -j28 -l28
[3.651s] DEBUG:colcon.colcon_core.event_handler.log_command:Invoked command in '/home/wisemaa3/Desktop/Robots/ros-lab-2/build/ros_gz_app' returned '0': CMAKE_PREFIX_PATH=${CMAKE_PREFIX_PATH}:/opt/ros/jazzy PS1=<ROS2-Jazzy>[\u@\h \W]$ /usr/bin/cmake --build /home/wisemaa3/Desktop/Robots/ros-lab-2/build/ros_gz_app -- -j28 -l28
[3.674s] DEBUG:colcon.colcon_core.event_handler.log_command:Invoking command in '/home/wisemaa3/Desktop/Robots/ros-lab-2/build/ros_gz_app': CMAKE_PREFIX_PATH=${CMAKE_PREFIX_PATH}:/opt/ros/jazzy PS1=<ROS2-Jazzy>[\u@\h \W]$ /usr/bin/cmake --install /home/wisemaa3/Desktop/Robots/ros-lab-2/build/ros_gz_app
[3.675s] DEBUG:colcon.colcon_core.event_handler.log_command:Invoked command in '/home/wisemaa3/Desktop/Robots/ros-lab-2/build/ros_gz_description' returned '0': CMAKE_PREFIX_PATH=${CMAKE_PREFIX_PATH}:/opt/ros/jazzy PS1=<ROS2-Jazzy>[\u@\h \W]$ /usr/bin/cmake --build /home/wisemaa3/Desktop/Robots/ros-lab-2/build/ros_gz_description -- -j28 -l28
[3.677s] DEBUG:colcon.colcon_core.event_handler.log_command:Invoking command in '/home/wisemaa3/Desktop/Robots/ros-lab-2/build/ros_gz_description': CMAKE_PREFIX_PATH=${CMAKE_PREFIX_PATH}:/opt/ros/jazzy PS1=<ROS2-Jazzy>[\u@\h \W]$ /usr/bin/cmake --install /home/wisemaa3/Desktop/Robots/ros-lab-2/build/ros_gz_description
[3.790s] Level 1:colcon.colcon_core.environment:create_environment_scripts_only(ros_gz_app)
[3.791s] DEBUG:colcon.colcon_core.event_handler.log_command:Invoked command in '/home/wisemaa3/Desktop/Robots/ros-lab-2/build/ros_gz_app' returned '0': CMAKE_PREFIX_PATH=${CMAKE_PREFIX_PATH}:/opt/ros/jazzy PS1=<ROS2-Jazzy>[\u@\h \W]$ /usr/bin/cmake --install /home/wisemaa3/Desktop/Robots/ros-lab-2/build/ros_gz_app
[3.803s] Level 1:colcon.colcon_core.environment:checking '/home/wisemaa3/Desktop/Robots/ros-lab-2/install/ros_gz_app' for CMake module files
[3.806s] Level 1:colcon.colcon_core.environment:checking '/home/wisemaa3/Desktop/Robots/ros-lab-2/install/ros_gz_app' for CMake config files
[3.808s] Level 1:colcon.colcon_core.shell:create_environment_hook('ros_gz_app', 'cmake_prefix_path')
[3.808s] INFO:colcon.colcon_core.shell:Creating environment hook '/home/wisemaa3/Desktop/Robots/ros-lab-2/install/ros_gz_app/share/ros_gz_app/hook/cmake_prefix_path.ps1'
[3.812s] INFO:colcon.colcon_core.shell:Creating environment descriptor '/home/wisemaa3/Desktop/Robots/ros-lab-2/install/ros_gz_app/share/ros_gz_app/hook/cmake_prefix_path.dsv'
[3.816s] INFO:colcon.colcon_core.shell:Creating environment hook '/home/wisemaa3/Desktop/Robots/ros-lab-2/install/ros_gz_app/share/ros_gz_app/hook/cmake_prefix_path.sh'
[3.819s] Level 1:colcon.colcon_core.environment:checking '/home/wisemaa3/Desktop/Robots/ros-lab-2/install/ros_gz_app/bin'
[3.820s] Level 1:colcon.colcon_core.environment:checking '/home/wisemaa3/Desktop/Robots/ros-lab-2/install/ros_gz_app/lib/pkgconfig/ros_gz_app.pc'
[3.820s] Level 1:colcon.colcon_core.environment:checking '/home/wisemaa3/Desktop/Robots/ros-lab-2/install/ros_gz_app/lib/python3.12/site-packages'
[3.821s] Level 1:colcon.colcon_core.environment:checking '/home/wisemaa3/Desktop/Robots/ros-lab-2/install/ros_gz_app/bin'
[3.821s] INFO:colcon.colcon_core.shell:Creating package script '/home/wisemaa3/Desktop/Robots/ros-lab-2/install/ros_gz_app/share/ros_gz_app/package.ps1'
[3.825s] INFO:colcon.colcon_core.shell:Creating package descriptor '/home/wisemaa3/Desktop/Robots/ros-lab-2/install/ros_gz_app/share/ros_gz_app/package.dsv'
[3.827s] INFO:colcon.colcon_core.shell:Creating package script '/home/wisemaa3/Desktop/Robots/ros-lab-2/install/ros_gz_app/share/ros_gz_app/package.sh'
[3.830s] INFO:colcon.colcon_core.shell:Creating package script '/home/wisemaa3/Desktop/Robots/ros-lab-2/install/ros_gz_app/share/ros_gz_app/package.bash'
[3.835s] INFO:colcon.colcon_core.shell:Creating package script '/home/wisemaa3/Desktop/Robots/ros-lab-2/install/ros_gz_app/share/ros_gz_app/package.zsh'
[3.839s] Level 1:colcon.colcon_core.environment:create_file_with_runtime_dependencies(/home/wisemaa3/Desktop/Robots/ros-lab-2/install/ros_gz_app/share/colcon-core/packages/ros_gz_app)
[3.844s] Level 1:colcon.colcon_core.environment:create_environment_scripts_only(ros_gz_app)
[3.844s] Level 1:colcon.colcon_core.environment:checking '/home/wisemaa3/Desktop/Robots/ros-lab-2/install/ros_gz_app' for CMake module files
[3.846s] Level 1:colcon.colcon_core.environment:checking '/home/wisemaa3/Desktop/Robots/ros-lab-2/install/ros_gz_app' for CMake config files
[3.848s] Level 1:colcon.colcon_core.shell:create_environment_hook('ros_gz_app', 'cmake_prefix_path')
[3.848s] INFO:colcon.colcon_core.shell:Creating environment hook '/home/wisemaa3/Desktop/Robots/ros-lab-2/install/ros_gz_app/share/ros_gz_app/hook/cmake_prefix_path.ps1'
[3.851s] INFO:colcon.colcon_core.shell:Creating environment descriptor '/home/wisemaa3/Desktop/Robots/ros-lab-2/install/ros_gz_app/share/ros_gz_app/hook/cmake_prefix_path.dsv'
[3.854s] INFO:colcon.colcon_core.shell:Creating environment hook '/home/wisemaa3/Desktop/Robots/ros-lab-2/install/ros_gz_app/share/ros_gz_app/hook/cmake_prefix_path.sh'
[3.857s] Level 1:colcon.colcon_core.environment:checking '/home/wisemaa3/Desktop/Robots/ros-lab-2/install/ros_gz_app/bin'
[3.857s] Level 1:colcon.colcon_core.environment:checking '/home/wisemaa3/Desktop/Robots/ros-lab-2/install/ros_gz_app/lib/pkgconfig/ros_gz_app.pc'
[3.858s] Level 1:colcon.colcon_core.environment:checking '/home/wisemaa3/Desktop/Robots/ros-lab-2/install/ros_gz_app/lib/python3.12/site-packages'
[3.858s] Level 1:colcon.colcon_core.environment:checking '/home/wisemaa3/Desktop/Robots/ros-lab-2/install/ros_gz_app/bin'
[3.858s] INFO:colcon.colcon_core.shell:Creating package script '/home/wisemaa3/Desktop/Robots/ros-lab-2/install/ros_gz_app/share/ros_gz_app/package.ps1'
[3.861s] INFO:colcon.colcon_core.shell:Creating package descriptor '/home/wisemaa3/Desktop/Robots/ros-lab-2/install/ros_gz_app/share/ros_gz_app/package.dsv'
[3.864s] INFO:colcon.colcon_core.shell:Creating package script '/home/wisemaa3/Desktop/Robots/ros-lab-2/install/ros_gz_app/share/ros_gz_app/package.sh'
[3.867s] INFO:colcon.colcon_core.shell:Creating package script '/home/wisemaa3/Desktop/Robots/ros-lab-2/install/ros_gz_app/share/ros_gz_app/package.bash'
[3.870s] INFO:colcon.colcon_core.shell:Creating package script '/home/wisemaa3/Desktop/Robots/ros-lab-2/install/ros_gz_app/share/ros_gz_app/package.zsh'
[3.873s] Level 1:colcon.colcon_core.environment:create_file_with_runtime_dependencies(/home/wisemaa3/Desktop/Robots/ros-lab-2/install/ros_gz_app/share/colcon-core/packages/ros_gz_app)
[3.875s] Level 1:colcon.colcon_core.environment:create_environment_scripts_only(ros_gz_description)
[3.875s] Level 1:colcon.colcon_core.environment:checking '/home/wisemaa3/Desktop/Robots/ros-lab-2/install/ros_gz_description' for CMake module files
[3.881s] Level 1:colcon.colcon_core.environment:checking '/home/wisemaa3/Desktop/Robots/ros-lab-2/install/ros_gz_description' for CMake config files
[3.882s] DEBUG:colcon.colcon_core.event_handler.log_command:Invoked command in '/home/wisemaa3/Desktop/Robots/ros-lab-2/build/ros_gz_description' returned '0': CMAKE_PREFIX_PATH=${CMAKE_PREFIX_PATH}:/opt/ros/jazzy PS1=<ROS2-Jazzy>[\u@\h \W]$ /usr/bin/cmake --install /home/wisemaa3/Desktop/Robots/ros-lab-2/build/ros_gz_description
[3.885s] Level 1:colcon.colcon_core.shell:create_environment_hook('ros_gz_description', 'cmake_prefix_path')
[3.886s] INFO:colcon.colcon_core.shell:Creating environment hook '/home/wisemaa3/Desktop/Robots/ros-lab-2/install/ros_gz_description/share/ros_gz_description/hook/cmake_prefix_path.ps1'
[3.889s] INFO:colcon.colcon_core.shell:Creating environment descriptor '/home/wisemaa3/Desktop/Robots/ros-lab-2/install/ros_gz_description/share/ros_gz_description/hook/cmake_prefix_path.dsv'
[3.892s] INFO:colcon.colcon_core.shell:Creating environment hook '/home/wisemaa3/Desktop/Robots/ros-lab-2/install/ros_gz_description/share/ros_gz_description/hook/cmake_prefix_path.sh'
[3.896s] Level 1:colcon.colcon_core.environment:checking '/home/wisemaa3/Desktop/Robots/ros-lab-2/install/ros_gz_description/bin'
[3.897s] Level 1:colcon.colcon_core.environment:checking '/home/wisemaa3/Desktop/Robots/ros-lab-2/install/ros_gz_description/lib/pkgconfig/ros_gz_description.pc'
[3.897s] Level 1:colcon.colcon_core.environment:checking '/home/wisemaa3/Desktop/Robots/ros-lab-2/install/ros_gz_description/lib/python3.12/site-packages'
[3.897s] Level 1:colcon.colcon_core.environment:checking '/home/wisemaa3/Desktop/Robots/ros-lab-2/install/ros_gz_description/bin'
[3.898s] INFO:colcon.colcon_core.shell:Creating package script '/home/wisemaa3/Desktop/Robots/ros-lab-2/install/ros_gz_description/share/ros_gz_description/package.ps1'
[3.901s] INFO:colcon.colcon_core.shell:Creating package descriptor '/home/wisemaa3/Desktop/Robots/ros-lab-2/install/ros_gz_description/share/ros_gz_description/package.dsv'
[3.904s] INFO:colcon.colcon_core.shell:Creating package script '/home/wisemaa3/Desktop/Robots/ros-lab-2/install/ros_gz_description/share/ros_gz_description/package.sh'
[3.907s] INFO:colcon.colcon_core.shell:Creating package script '/home/wisemaa3/Desktop/Robots/ros-lab-2/install/ros_gz_description/share/ros_gz_description/package.bash'
[3.910s] INFO:colcon.colcon_core.shell:Creating package script '/home/wisemaa3/Desktop/Robots/ros-lab-2/install/ros_gz_description/share/ros_gz_description/package.zsh'
[3.914s] Level 1:colcon.colcon_core.environment:create_file_with_runtime_dependencies(/home/wisemaa3/Desktop/Robots/ros-lab-2/install/ros_gz_description/share/colcon-core/packages/ros_gz_description)
[3.921s] Level 1:colcon.colcon_core.environment:create_environment_scripts_only(ros_gz_description)
[3.921s] Level 1:colcon.colcon_core.environment:checking '/home/wisemaa3/Desktop/Robots/ros-lab-2/install/ros_gz_description' for CMake module files
[3.924s] Level 1:colcon.colcon_core.environment:checking '/home/wisemaa3/Desktop/Robots/ros-lab-2/install/ros_gz_description' for CMake config files
[3.928s] Level 1:colcon.colcon_core.shell:create_environment_hook('ros_gz_description', 'cmake_prefix_path')
[3.929s] INFO:colcon.colcon_core.shell:Creating environment hook '/home/wisemaa3/Desktop/Robots/ros-lab-2/install/ros_gz_description/share/ros_gz_description/hook/cmake_prefix_path.ps1'
[3.933s] INFO:colcon.colcon_core.shell:Creating environment descriptor '/home/wisemaa3/Desktop/Robots/ros-lab-2/install/ros_gz_description/share/ros_gz_description/hook/cmake_prefix_path.dsv'
[3.936s] INFO:colcon.colcon_core.shell:Creating environment hook '/home/wisemaa3/Desktop/Robots/ros-lab-2/install/ros_gz_description/share/ros_gz_description/hook/cmake_prefix_path.sh'
[3.940s] Level 1:colcon.colcon_core.environment:checking '/home/wisemaa3/Desktop/Robots/ros-lab-2/install/ros_gz_description/bin'
[3.940s] Level 1:colcon.colcon_core.environment:checking '/home/wisemaa3/Desktop/Robots/ros-lab-2/install/ros_gz_description/lib/pkgconfig/ros_gz_description.pc'
[3.940s] Level 1:colcon.colcon_core.environment:checking '/home/wisemaa3/Desktop/Robots/ros-lab-2/install/ros_gz_description/lib/python3.12/site-packages'
[3.941s] Level 1:colcon.colcon_core.environment:checking '/home/wisemaa3/Desktop/Robots/ros-lab-2/install/ros_gz_description/bin'
[3.941s] INFO:colcon.colcon_core.shell:Creating package script '/home/wisemaa3/Desktop/Robots/ros-lab-2/install/ros_gz_description/share/ros_gz_description/package.ps1'
[3.944s] INFO:colcon.colcon_core.shell:Creating package descriptor '/home/wisemaa3/Desktop/Robots/ros-lab-2/install/ros_gz_description/share/ros_gz_description/package.dsv'
[3.948s] INFO:colcon.colcon_core.shell:Creating package script '/home/wisemaa3/Desktop/Robots/ros-lab-2/install/ros_gz_description/share/ros_gz_description/package.sh'
[3.950s] INFO:colcon.colcon_core.shell:Creating package script '/home/wisemaa3/Desktop/Robots/ros-lab-2/install/ros_gz_description/share/ros_gz_description/package.bash'
[3.953s] INFO:colcon.colcon_core.shell:Creating package script '/home/wisemaa3/Desktop/Robots/ros-lab-2/install/ros_gz_description/share/ros_gz_description/package.zsh'
[3.956s] Level 1:colcon.colcon_core.environment:create_file_with_runtime_dependencies(/home/wisemaa3/Desktop/Robots/ros-lab-2/install/ros_gz_description/share/colcon-core/packages/ros_gz_description)
[3.957s] INFO:colcon.colcon_ros.task.ament_cmake.build:Building ROS package in '/home/wisemaa3/Desktop/Robots/ros-lab-2/ros_gz_gazebo' with build type 'ament_cmake'
[3.957s] INFO:colcon.colcon_cmake.task.cmake.build:Building CMake package in '/home/wisemaa3/Desktop/Robots/ros-lab-2/ros_gz_gazebo'
[3.957s] INFO:colcon.colcon_core.shell:Skip shell extension 'powershell' for command environment: Not usable outside of PowerShell
[3.957s] DEBUG:colcon.colcon_core.shell:Skip shell extension 'dsv' for command environment
[4.002s] DEBUG:colcon.colcon_core.event_handler.log_command:Invoking command in '/home/wisemaa3/Desktop/Robots/ros-lab-2/build/ros_gz_gazebo': CMAKE_PREFIX_PATH=/home/wisemaa3/Desktop/Robots/ros-lab-2/install/ros_gz_description:/opt/ros/jazzy/opt/gz_sim_vendor:/opt/ros/jazzy/opt/gz_sensors_vendor:/opt/ros/jazzy/opt/gz_physics_vendor:/opt/ros/jazzy/opt/sdformat_vendor:/opt/ros/jazzy/opt/gz_gui_vendor:/opt/ros/jazzy/opt/gz_transport_vendor:/opt/ros/jazzy/opt/gz_rendering_vendor:/opt/ros/jazzy/opt/gz_plugin_vendor:/opt/ros/jazzy/opt/gz_fuel_tools_vendor:/opt/ros/jazzy/opt/gz_msgs_vendor:/opt/ros/jazzy/opt/gz_common_vendor:/opt/ros/jazzy/opt/gz_math_vendor:/opt/ros/jazzy/opt/gz_utils_vendor:/opt/ros/jazzy/opt/gz_tools_vendor:/opt/ros/jazzy/opt/gz_ogre_next_vendor:/opt/ros/jazzy/opt/gz_dartsim_vendor:/opt/ros/jazzy/opt/gz_cmake_vendor:/opt/ros/jazzy PS1=<ROS2-Jazzy>[\u@\h \W]$ /usr/bin/cmake /home/wisemaa3/Desktop/Robots/ros-lab-2/ros_gz_gazebo -DBUILD_TESTING=ON -DCMAKE_INSTALL_PREFIX=/home/wisemaa3/Desktop/Robots/ros-lab-2/install/ros_gz_gazebo
[9.705s] DEBUG:colcon.colcon_core.event_handler.log_command:Invoked command in '/home/wisemaa3/Desktop/Robots/ros-lab-2/build/ros_gz_gazebo' returned '0': CMAKE_PREFIX_PATH=/home/wisemaa3/Desktop/Robots/ros-lab-2/install/ros_gz_description:/opt/ros/jazzy/opt/gz_sim_vendor:/opt/ros/jazzy/opt/gz_sensors_vendor:/opt/ros/jazzy/opt/gz_physics_vendor:/opt/ros/jazzy/opt/sdformat_vendor:/opt/ros/jazzy/opt/gz_gui_vendor:/opt/ros/jazzy/opt/gz_transport_vendor:/opt/ros/jazzy/opt/gz_rendering_vendor:/opt/ros/jazzy/opt/gz_plugin_vendor:/opt/ros/jazzy/opt/gz_fuel_tools_vendor:/opt/ros/jazzy/opt/gz_msgs_vendor:/opt/ros/jazzy/opt/gz_common_vendor:/opt/ros/jazzy/opt/gz_math_vendor:/opt/ros/jazzy/opt/gz_utils_vendor:/opt/ros/jazzy/opt/gz_tools_vendor:/opt/ros/jazzy/opt/gz_ogre_next_vendor:/opt/ros/jazzy/opt/gz_dartsim_vendor:/opt/ros/jazzy/opt/gz_cmake_vendor:/opt/ros/jazzy PS1=<ROS2-Jazzy>[\u@\h \W]$ /usr/bin/cmake /home/wisemaa3/Desktop/Robots/ros-lab-2/ros_gz_gazebo -DBUILD_TESTING=ON -DCMAKE_INSTALL_PREFIX=/home/wisemaa3/Desktop/Robots/ros-lab-2/install/ros_gz_gazebo
[9.706s] DEBUG:colcon.colcon_core.event_handler.log_command:Invoking command in '/home/wisemaa3/Desktop/Robots/ros-lab-2/build/ros_gz_gazebo': CMAKE_PREFIX_PATH=/home/wisemaa3/Desktop/Robots/ros-lab-2/install/ros_gz_description:/opt/ros/jazzy/opt/gz_sim_vendor:/opt/ros/jazzy/opt/gz_sensors_vendor:/opt/ros/jazzy/opt/gz_physics_vendor:/opt/ros/jazzy/opt/sdformat_vendor:/opt/ros/jazzy/opt/gz_gui_vendor:/opt/ros/jazzy/opt/gz_transport_vendor:/opt/ros/jazzy/opt/gz_rendering_vendor:/opt/ros/jazzy/opt/gz_plugin_vendor:/opt/ros/jazzy/opt/gz_fuel_tools_vendor:/opt/ros/jazzy/opt/gz_msgs_vendor:/opt/ros/jazzy/opt/gz_common_vendor:/opt/ros/jazzy/opt/gz_math_vendor:/opt/ros/jazzy/opt/gz_utils_vendor:/opt/ros/jazzy/opt/gz_tools_vendor:/opt/ros/jazzy/opt/gz_ogre_next_vendor:/opt/ros/jazzy/opt/gz_dartsim_vendor:/opt/ros/jazzy/opt/gz_cmake_vendor:/opt/ros/jazzy PS1=<ROS2-Jazzy>[\u@\h \W]$ /usr/bin/cmake --build /home/wisemaa3/Desktop/Robots/ros-lab-2/build/ros_gz_gazebo -- -j28 -l28
[11.668s] DEBUG:colcon.colcon_core.event_handler.log_command:Invoked command in '/home/wisemaa3/Desktop/Robots/ros-lab-2/build/ros_gz_gazebo' returned '0': CMAKE_PREFIX_PATH=/home/wisemaa3/Desktop/Robots/ros-lab-2/install/ros_gz_description:/opt/ros/jazzy/opt/gz_sim_vendor:/opt/ros/jazzy/opt/gz_sensors_vendor:/opt/ros/jazzy/opt/gz_physics_vendor:/opt/ros/jazzy/opt/sdformat_vendor:/opt/ros/jazzy/opt/gz_gui_vendor:/opt/ros/jazzy/opt/gz_transport_vendor:/opt/ros/jazzy/opt/gz_rendering_vendor:/opt/ros/jazzy/opt/gz_plugin_vendor:/opt/ros/jazzy/opt/gz_fuel_tools_vendor:/opt/ros/jazzy/opt/gz_msgs_vendor:/opt/ros/jazzy/opt/gz_common_vendor:/opt/ros/jazzy/opt/gz_math_vendor:/opt/ros/jazzy/opt/gz_utils_vendor:/opt/ros/jazzy/opt/gz_tools_vendor:/opt/ros/jazzy/opt/gz_ogre_next_vendor:/opt/ros/jazzy/opt/gz_dartsim_vendor:/opt/ros/jazzy/opt/gz_cmake_vendor:/opt/ros/jazzy PS1=<ROS2-Jazzy>[\u@\h \W]$ /usr/bin/cmake --build /home/wisemaa3/Desktop/Robots/ros-lab-2/build/ros_gz_gazebo -- -j28 -l28
[11.671s] DEBUG:colcon.colcon_core.event_handler.log_command:Invoking command in '/home/wisemaa3/Desktop/Robots/ros-lab-2/build/ros_gz_gazebo': CMAKE_PREFIX_PATH=/home/wisemaa3/Desktop/Robots/ros-lab-2/install/ros_gz_description:/opt/ros/jazzy/opt/gz_sim_vendor:/opt/ros/jazzy/opt/gz_sensors_vendor:/opt/ros/jazzy/opt/gz_physics_vendor:/opt/ros/jazzy/opt/sdformat_vendor:/opt/ros/jazzy/opt/gz_gui_vendor:/opt/ros/jazzy/opt/gz_transport_vendor:/opt/ros/jazzy/opt/gz_rendering_vendor:/opt/ros/jazzy/opt/gz_plugin_vendor:/opt/ros/jazzy/opt/gz_fuel_tools_vendor:/opt/ros/jazzy/opt/gz_msgs_vendor:/opt/ros/jazzy/opt/gz_common_vendor:/opt/ros/jazzy/opt/gz_math_vendor:/opt/ros/jazzy/opt/gz_utils_vendor:/opt/ros/jazzy/opt/gz_tools_vendor:/opt/ros/jazzy/opt/gz_ogre_next_vendor:/opt/ros/jazzy/opt/gz_dartsim_vendor:/opt/ros/jazzy/opt/gz_cmake_vendor:/opt/ros/jazzy PS1=<ROS2-Jazzy>[\u@\h \W]$ /usr/bin/cmake --install /home/wisemaa3/Desktop/Robots/ros-lab-2/build/ros_gz_gazebo
[11.905s] Level 1:colcon.colcon_core.environment:create_environment_scripts_only(ros_gz_gazebo)
[11.906s] DEBUG:colcon.colcon_core.event_handler.log_command:Invoked command in '/home/wisemaa3/Desktop/Robots/ros-lab-2/build/ros_gz_gazebo' returned '0': CMAKE_PREFIX_PATH=/home/wisemaa3/Desktop/Robots/ros-lab-2/install/ros_gz_description:/opt/ros/jazzy/opt/gz_sim_vendor:/opt/ros/jazzy/opt/gz_sensors_vendor:/opt/ros/jazzy/opt/gz_physics_vendor:/opt/ros/jazzy/opt/sdformat_vendor:/opt/ros/jazzy/opt/gz_gui_vendor:/opt/ros/jazzy/opt/gz_transport_vendor:/opt/ros/jazzy/opt/gz_rendering_vendor:/opt/ros/jazzy/opt/gz_plugin_vendor:/opt/ros/jazzy/opt/gz_fuel_tools_vendor:/opt/ros/jazzy/opt/gz_msgs_vendor:/opt/ros/jazzy/opt/gz_common_vendor:/opt/ros/jazzy/opt/gz_math_vendor:/opt/ros/jazzy/opt/gz_utils_vendor:/opt/ros/jazzy/opt/gz_tools_vendor:/opt/ros/jazzy/opt/gz_ogre_next_vendor:/opt/ros/jazzy/opt/gz_dartsim_vendor:/opt/ros/jazzy/opt/gz_cmake_vendor:/opt/ros/jazzy PS1=<ROS2-Jazzy>[\u@\h \W]$ /usr/bin/cmake --install /home/wisemaa3/Desktop/Robots/ros-lab-2/build/ros_gz_gazebo
[11.906s] Level 1:colcon.colcon_core.environment:checking '/home/wisemaa3/Desktop/Robots/ros-lab-2/install/ros_gz_gazebo' for CMake module files
[11.914s] Level 1:colcon.colcon_core.environment:checking '/home/wisemaa3/Desktop/Robots/ros-lab-2/install/ros_gz_gazebo' for CMake config files
[11.917s] Level 1:colcon.colcon_core.shell:create_environment_hook('ros_gz_gazebo', 'cmake_prefix_path')
[11.917s] INFO:colcon.colcon_core.shell:Creating environment hook '/home/wisemaa3/Desktop/Robots/ros-lab-2/install/ros_gz_gazebo/share/ros_gz_gazebo/hook/cmake_prefix_path.ps1'
[11.921s] INFO:colcon.colcon_core.shell:Creating environment descriptor '/home/wisemaa3/Desktop/Robots/ros-lab-2/install/ros_gz_gazebo/share/ros_gz_gazebo/hook/cmake_prefix_path.dsv'
[11.924s] INFO:colcon.colcon_core.shell:Creating environment hook '/home/wisemaa3/Desktop/Robots/ros-lab-2/install/ros_gz_gazebo/share/ros_gz_gazebo/hook/cmake_prefix_path.sh'
[11.928s] Level 1:colcon.colcon_core.environment:checking '/home/wisemaa3/Desktop/Robots/ros-lab-2/install/ros_gz_gazebo/lib'
[11.929s] Level 1:colcon.colcon_core.environment:checking '/home/wisemaa3/Desktop/Robots/ros-lab-2/install/ros_gz_gazebo/bin'
[11.929s] Level 1:colcon.colcon_core.environment:checking '/home/wisemaa3/Desktop/Robots/ros-lab-2/install/ros_gz_gazebo/lib/pkgconfig/ros_gz_gazebo.pc'
[11.930s] Level 1:colcon.colcon_core.environment:checking '/home/wisemaa3/Desktop/Robots/ros-lab-2/install/ros_gz_gazebo/lib/python3.12/site-packages'
[11.930s] Level 1:colcon.colcon_core.environment:checking '/home/wisemaa3/Desktop/Robots/ros-lab-2/install/ros_gz_gazebo/bin'
[11.931s] INFO:colcon.colcon_core.shell:Creating package script '/home/wisemaa3/Desktop/Robots/ros-lab-2/install/ros_gz_gazebo/share/ros_gz_gazebo/package.ps1'
[11.934s] INFO:colcon.colcon_core.shell:Creating package descriptor '/home/wisemaa3/Desktop/Robots/ros-lab-2/install/ros_gz_gazebo/share/ros_gz_gazebo/package.dsv'
[11.936s] INFO:colcon.colcon_core.shell:Creating package script '/home/wisemaa3/Desktop/Robots/ros-lab-2/install/ros_gz_gazebo/share/ros_gz_gazebo/package.sh'
[11.939s] INFO:colcon.colcon_core.shell:Creating package script '/home/wisemaa3/Desktop/Robots/ros-lab-2/install/ros_gz_gazebo/share/ros_gz_gazebo/package.bash'
[11.942s] INFO:colcon.colcon_core.shell:Creating package script '/home/wisemaa3/Desktop/Robots/ros-lab-2/install/ros_gz_gazebo/share/ros_gz_gazebo/package.zsh'
[11.944s] Level 1:colcon.colcon_core.environment:create_file_with_runtime_dependencies(/home/wisemaa3/Desktop/Robots/ros-lab-2/install/ros_gz_gazebo/share/colcon-core/packages/ros_gz_gazebo)
[11.950s] Level 1:colcon.colcon_core.environment:create_environment_scripts_only(ros_gz_gazebo)
[11.950s] Level 1:colcon.colcon_core.environment:checking '/home/wisemaa3/Desktop/Robots/ros-lab-2/install/ros_gz_gazebo' for CMake module files
[11.953s] Level 1:colcon.colcon_core.environment:checking '/home/wisemaa3/Desktop/Robots/ros-lab-2/install/ros_gz_gazebo' for CMake config files
[11.956s] Level 1:colcon.colcon_core.shell:create_environment_hook('ros_gz_gazebo', 'cmake_prefix_path')
[11.956s] INFO:colcon.colcon_core.shell:Creating environment hook '/home/wisemaa3/Desktop/Robots/ros-lab-2/install/ros_gz_gazebo/share/ros_gz_gazebo/hook/cmake_prefix_path.ps1'
[11.959s] INFO:colcon.colcon_core.shell:Creating environment descriptor '/home/wisemaa3/Desktop/Robots/ros-lab-2/install/ros_gz_gazebo/share/ros_gz_gazebo/hook/cmake_prefix_path.dsv'
[11.962s] INFO:colcon.colcon_core.shell:Creating environment hook '/home/wisemaa3/Desktop/Robots/ros-lab-2/install/ros_gz_gazebo/share/ros_gz_gazebo/hook/cmake_prefix_path.sh'
[11.965s] Level 1:colcon.colcon_core.environment:checking '/home/wisemaa3/Desktop/Robots/ros-lab-2/install/ros_gz_gazebo/lib'
[11.965s] Level 1:colcon.colcon_core.environment:checking '/home/wisemaa3/Desktop/Robots/ros-lab-2/install/ros_gz_gazebo/bin'
[11.965s] Level 1:colcon.colcon_core.environment:checking '/home/wisemaa3/Desktop/Robots/ros-lab-2/install/ros_gz_gazebo/lib/pkgconfig/ros_gz_gazebo.pc'
[11.966s] Level 1:colcon.colcon_core.environment:checking '/home/wisemaa3/Desktop/Robots/ros-lab-2/install/ros_gz_gazebo/lib/python3.12/site-packages'
[11.966s] Level 1:colcon.colcon_core.environment:checking '/home/wisemaa3/Desktop/Robots/ros-lab-2/install/ros_gz_gazebo/bin'
[11.966s] INFO:colcon.colcon_core.shell:Creating package script '/home/wisemaa3/Desktop/Robots/ros-lab-2/install/ros_gz_gazebo/share/ros_gz_gazebo/package.ps1'
[11.969s] INFO:colcon.colcon_core.shell:Creating package descriptor '/home/wisemaa3/Desktop/Robots/ros-lab-2/install/ros_gz_gazebo/share/ros_gz_gazebo/package.dsv'
[11.972s] INFO:colcon.colcon_core.shell:Creating package script '/home/wisemaa3/Desktop/Robots/ros-lab-2/install/ros_gz_gazebo/share/ros_gz_gazebo/package.sh'
[11.976s] INFO:colcon.colcon_core.shell:Creating package script '/home/wisemaa3/Desktop/Robots/ros-lab-2/install/ros_gz_gazebo/share/ros_gz_gazebo/package.bash'
[11.978s] INFO:colcon.colcon_core.shell:Creating package script '/home/wisemaa3/Desktop/Robots/ros-lab-2/install/ros_gz_gazebo/share/ros_gz_gazebo/package.zsh'
[11.981s] Level 1:colcon.colcon_core.environment:create_file_with_runtime_dependencies(/home/wisemaa3/Desktop/Robots/ros-lab-2/install/ros_gz_gazebo/share/colcon-core/packages/ros_gz_gazebo)
[11.983s] INFO:colcon.colcon_ros.task.ament_cmake.build:Building ROS package in '/home/wisemaa3/Desktop/Robots/ros-lab-2/ros_gz_bringup' with build type 'ament_cmake'
[11.983s] INFO:colcon.colcon_cmake.task.cmake.build:Building CMake package in '/home/wisemaa3/Desktop/Robots/ros-lab-2/ros_gz_bringup'
[11.983s] INFO:colcon.colcon_core.shell:Skip shell extension 'powershell' for command environment: Not usable outside of PowerShell
[11.983s] DEBUG:colcon.colcon_core.shell:Skip shell extension 'dsv' for command environment
[12.027s] DEBUG:colcon.colcon_core.event_handler.log_command:Invoking command in '/home/wisemaa3/Desktop/Robots/ros-lab-2/build/ros_gz_bringup': AMENT_PREFIX_PATH=/home/wisemaa3/Desktop/Robots/ros-lab-2/install/ros_gz_gazebo:${AMENT_PREFIX_PATH} CMAKE_PREFIX_PATH=/home/wisemaa3/Desktop/Robots/ros-lab-2/install/ros_gz_gazebo:/home/wisemaa3/Desktop/Robots/ros-lab-2/install/ros_gz_description:/opt/ros/jazzy/opt/gz_sim_vendor:/opt/ros/jazzy/opt/gz_sensors_vendor:/opt/ros/jazzy/opt/gz_physics_vendor:/opt/ros/jazzy/opt/sdformat_vendor:/opt/ros/jazzy/opt/gz_gui_vendor:/opt/ros/jazzy/opt/gz_transport_vendor:/opt/ros/jazzy/opt/gz_rendering_vendor:/opt/ros/jazzy/opt/gz_plugin_vendor:/opt/ros/jazzy/opt/gz_fuel_tools_vendor:/opt/ros/jazzy/opt/gz_msgs_vendor:/opt/ros/jazzy/opt/gz_common_vendor:/opt/ros/jazzy/opt/gz_math_vendor:/opt/ros/jazzy/opt/gz_utils_vendor:/opt/ros/jazzy/opt/gz_tools_vendor:/opt/ros/jazzy/opt/gz_ogre_next_vendor:/opt/ros/jazzy/opt/gz_dartsim_vendor:/opt/ros/jazzy/opt/gz_cmake_vendor:/opt/ros/jazzy GZ_SIM_PLUGIN_PATH=/home/wisemaa3/Desktop/Robots/ros-lab-2/install/ros_gz_gazebo/lib/ros_gz_gazebo GZ_SIM_RESOURCE_PATH=/home/wisemaa3/Desktop/Robots/ros-lab-2/install/ros_gz_gazebo/share/ros_gz_gazebo/worlds PS1=<ROS2-Jazzy>[\u@\h \W]$ /usr/bin/cmake /home/wisemaa3/Desktop/Robots/ros-lab-2/ros_gz_bringup -DBUILD_TESTING=ON -DCMAKE_INSTALL_PREFIX=/home/wisemaa3/Desktop/Robots/ros-lab-2/install/ros_gz_bringup
[14.061s] DEBUG:colcon.colcon_core.event_handler.log_command:Invoked command in '/home/wisemaa3/Desktop/Robots/ros-lab-2/build/ros_gz_bringup' returned '0': AMENT_PREFIX_PATH=/home/wisemaa3/Desktop/Robots/ros-lab-2/install/ros_gz_gazebo:${AMENT_PREFIX_PATH} CMAKE_PREFIX_PATH=/home/wisemaa3/Desktop/Robots/ros-lab-2/install/ros_gz_gazebo:/home/wisemaa3/Desktop/Robots/ros-lab-2/install/ros_gz_description:/opt/ros/jazzy/opt/gz_sim_vendor:/opt/ros/jazzy/opt/gz_sensors_vendor:/opt/ros/jazzy/opt/gz_physics_vendor:/opt/ros/jazzy/opt/sdformat_vendor:/opt/ros/jazzy/opt/gz_gui_vendor:/opt/ros/jazzy/opt/gz_transport_vendor:/opt/ros/jazzy/opt/gz_rendering_vendor:/opt/ros/jazzy/opt/gz_plugin_vendor:/opt/ros/jazzy/opt/gz_fuel_tools_vendor:/opt/ros/jazzy/opt/gz_msgs_vendor:/opt/ros/jazzy/opt/gz_common_vendor:/opt/ros/jazzy/opt/gz_math_vendor:/opt/ros/jazzy/opt/gz_utils_vendor:/opt/ros/jazzy/opt/gz_tools_vendor:/opt/ros/jazzy/opt/gz_ogre_next_vendor:/opt/ros/jazzy/opt/gz_dartsim_vendor:/opt/ros/jazzy/opt/gz_cmake_vendor:/opt/ros/jazzy GZ_SIM_PLUGIN_PATH=/home/wisemaa3/Desktop/Robots/ros-lab-2/install/ros_gz_gazebo/lib/ros_gz_gazebo GZ_SIM_RESOURCE_PATH=/home/wisemaa3/Desktop/Robots/ros-lab-2/install/ros_gz_gazebo/share/ros_gz_gazebo/worlds PS1=<ROS2-Jazzy>[\u@\h \W]$ /usr/bin/cmake /home/wisemaa3/Desktop/Robots/ros-lab-2/ros_gz_bringup -DBUILD_TESTING=ON -DCMAKE_INSTALL_PREFIX=/home/wisemaa3/Desktop/Robots/ros-lab-2/install/ros_gz_bringup
[14.063s] DEBUG:colcon.colcon_core.event_handler.log_command:Invoking command in '/home/wisemaa3/Desktop/Robots/ros-lab-2/build/ros_gz_bringup': AMENT_PREFIX_PATH=/home/wisemaa3/Desktop/Robots/ros-lab-2/install/ros_gz_gazebo:${AMENT_PREFIX_PATH} CMAKE_PREFIX_PATH=/home/wisemaa3/Desktop/Robots/ros-lab-2/install/ros_gz_gazebo:/home/wisemaa3/Desktop/Robots/ros-lab-2/install/ros_gz_description:/opt/ros/jazzy/opt/gz_sim_vendor:/opt/ros/jazzy/opt/gz_sensors_vendor:/opt/ros/jazzy/opt/gz_physics_vendor:/opt/ros/jazzy/opt/sdformat_vendor:/opt/ros/jazzy/opt/gz_gui_vendor:/opt/ros/jazzy/opt/gz_transport_vendor:/opt/ros/jazzy/opt/gz_rendering_vendor:/opt/ros/jazzy/opt/gz_plugin_vendor:/opt/ros/jazzy/opt/gz_fuel_tools_vendor:/opt/ros/jazzy/opt/gz_msgs_vendor:/opt/ros/jazzy/opt/gz_common_vendor:/opt/ros/jazzy/opt/gz_math_vendor:/opt/ros/jazzy/opt/gz_utils_vendor:/opt/ros/jazzy/opt/gz_tools_vendor:/opt/ros/jazzy/opt/gz_ogre_next_vendor:/opt/ros/jazzy/opt/gz_dartsim_vendor:/opt/ros/jazzy/opt/gz_cmake_vendor:/opt/ros/jazzy GZ_SIM_PLUGIN_PATH=/home/wisemaa3/Desktop/Robots/ros-lab-2/install/ros_gz_gazebo/lib/ros_gz_gazebo GZ_SIM_RESOURCE_PATH=/home/wisemaa3/Desktop/Robots/ros-lab-2/install/ros_gz_gazebo/share/ros_gz_gazebo/worlds PS1=<ROS2-Jazzy>[\u@\h \W]$ /usr/bin/cmake --build /home/wisemaa3/Desktop/Robots/ros-lab-2/build/ros_gz_bringup -- -j28 -l28
[14.172s] DEBUG:colcon.colcon_core.event_handler.log_command:Invoked command in '/home/wisemaa3/Desktop/Robots/ros-lab-2/build/ros_gz_bringup' returned '0': AMENT_PREFIX_PATH=/home/wisemaa3/Desktop/Robots/ros-lab-2/install/ros_gz_gazebo:${AMENT_PREFIX_PATH} CMAKE_PREFIX_PATH=/home/wisemaa3/Desktop/Robots/ros-lab-2/install/ros_gz_gazebo:/home/wisemaa3/Desktop/Robots/ros-lab-2/install/ros_gz_description:/opt/ros/jazzy/opt/gz_sim_vendor:/opt/ros/jazzy/opt/gz_sensors_vendor:/opt/ros/jazzy/opt/gz_physics_vendor:/opt/ros/jazzy/opt/sdformat_vendor:/opt/ros/jazzy/opt/gz_gui_vendor:/opt/ros/jazzy/opt/gz_transport_vendor:/opt/ros/jazzy/opt/gz_rendering_vendor:/opt/ros/jazzy/opt/gz_plugin_vendor:/opt/ros/jazzy/opt/gz_fuel_tools_vendor:/opt/ros/jazzy/opt/gz_msgs_vendor:/opt/ros/jazzy/opt/gz_common_vendor:/opt/ros/jazzy/opt/gz_math_vendor:/opt/ros/jazzy/opt/gz_utils_vendor:/opt/ros/jazzy/opt/gz_tools_vendor:/opt/ros/jazzy/opt/gz_ogre_next_vendor:/opt/ros/jazzy/opt/gz_dartsim_vendor:/opt/ros/jazzy/opt/gz_cmake_vendor:/opt/ros/jazzy GZ_SIM_PLUGIN_PATH=/home/wisemaa3/Desktop/Robots/ros-lab-2/install/ros_gz_gazebo/lib/ros_gz_gazebo GZ_SIM_RESOURCE_PATH=/home/wisemaa3/Desktop/Robots/ros-lab-2/install/ros_gz_gazebo/share/ros_gz_gazebo/worlds PS1=<ROS2-Jazzy>[\u@\h \W]$ /usr/bin/cmake --build /home/wisemaa3/Desktop/Robots/ros-lab-2/build/ros_gz_bringup -- -j28 -l28
[14.174s] DEBUG:colcon.colcon_core.event_handler.log_command:Invoking command in '/home/wisemaa3/Desktop/Robots/ros-lab-2/build/ros_gz_bringup': AMENT_PREFIX_PATH=/home/wisemaa3/Desktop/Robots/ros-lab-2/install/ros_gz_gazebo:${AMENT_PREFIX_PATH} CMAKE_PREFIX_PATH=/home/wisemaa3/Desktop/Robots/ros-lab-2/install/ros_gz_gazebo:/home/wisemaa3/Desktop/Robots/ros-lab-2/install/ros_gz_description:/opt/ros/jazzy/opt/gz_sim_vendor:/opt/ros/jazzy/opt/gz_sensors_vendor:/opt/ros/jazzy/opt/gz_physics_vendor:/opt/ros/jazzy/opt/sdformat_vendor:/opt/ros/jazzy/opt/gz_gui_vendor:/opt/ros/jazzy/opt/gz_transport_vendor:/opt/ros/jazzy/opt/gz_rendering_vendor:/opt/ros/jazzy/opt/gz_plugin_vendor:/opt/ros/jazzy/opt/gz_fuel_tools_vendor:/opt/ros/jazzy/opt/gz_msgs_vendor:/opt/ros/jazzy/opt/gz_common_vendor:/opt/ros/jazzy/opt/gz_math_vendor:/opt/ros/jazzy/opt/gz_utils_vendor:/opt/ros/jazzy/opt/gz_tools_vendor:/opt/ros/jazzy/opt/gz_ogre_next_vendor:/opt/ros/jazzy/opt/gz_dartsim_vendor:/opt/ros/jazzy/opt/gz_cmake_vendor:/opt/ros/jazzy GZ_SIM_PLUGIN_PATH=/home/wisemaa3/Desktop/Robots/ros-lab-2/install/ros_gz_gazebo/lib/ros_gz_gazebo GZ_SIM_RESOURCE_PATH=/home/wisemaa3/Desktop/Robots/ros-lab-2/install/ros_gz_gazebo/share/ros_gz_gazebo/worlds PS1=<ROS2-Jazzy>[\u@\h \W]$ /usr/bin/cmake --install /home/wisemaa3/Desktop/Robots/ros-lab-2/build/ros_gz_bringup
[14.360s] Level 1:colcon.colcon_core.environment:create_environment_scripts_only(ros_gz_bringup)
[14.361s] Level 1:colcon.colcon_core.environment:checking '/home/wisemaa3/Desktop/Robots/ros-lab-2/install/ros_gz_bringup' for CMake module files
[14.362s] DEBUG:colcon.colcon_core.event_handler.log_command:Invoked command in '/home/wisemaa3/Desktop/Robots/ros-lab-2/build/ros_gz_bringup' returned '0': AMENT_PREFIX_PATH=/home/wisemaa3/Desktop/Robots/ros-lab-2/install/ros_gz_gazebo:${AMENT_PREFIX_PATH} CMAKE_PREFIX_PATH=/home/wisemaa3/Desktop/Robots/ros-lab-2/install/ros_gz_gazebo:/home/wisemaa3/Desktop/Robots/ros-lab-2/install/ros_gz_description:/opt/ros/jazzy/opt/gz_sim_vendor:/opt/ros/jazzy/opt/gz_sensors_vendor:/opt/ros/jazzy/opt/gz_physics_vendor:/opt/ros/jazzy/opt/sdformat_vendor:/opt/ros/jazzy/opt/gz_gui_vendor:/opt/ros/jazzy/opt/gz_transport_vendor:/opt/ros/jazzy/opt/gz_rendering_vendor:/opt/ros/jazzy/opt/gz_plugin_vendor:/opt/ros/jazzy/opt/gz_fuel_tools_vendor:/opt/ros/jazzy/opt/gz_msgs_vendor:/opt/ros/jazzy/opt/gz_common_vendor:/opt/ros/jazzy/opt/gz_math_vendor:/opt/ros/jazzy/opt/gz_utils_vendor:/opt/ros/jazzy/opt/gz_tools_vendor:/opt/ros/jazzy/opt/gz_ogre_next_vendor:/opt/ros/jazzy/opt/gz_dartsim_vendor:/opt/ros/jazzy/opt/gz_cmake_vendor:/opt/ros/jazzy GZ_SIM_PLUGIN_PATH=/home/wisemaa3/Desktop/Robots/ros-lab-2/install/ros_gz_gazebo/lib/ros_gz_gazebo GZ_SIM_RESOURCE_PATH=/home/wisemaa3/Desktop/Robots/ros-lab-2/install/ros_gz_gazebo/share/ros_gz_gazebo/worlds PS1=<ROS2-Jazzy>[\u@\h \W]$ /usr/bin/cmake --install /home/wisemaa3/Desktop/Robots/ros-lab-2/build/ros_gz_bringup
[14.365s] Level 1:colcon.colcon_core.environment:checking '/home/wisemaa3/Desktop/Robots/ros-lab-2/install/ros_gz_bringup' for CMake config files
[14.369s] Level 1:colcon.colcon_core.shell:create_environment_hook('ros_gz_bringup', 'cmake_prefix_path')
[14.369s] INFO:colcon.colcon_core.shell:Creating environment hook '/home/wisemaa3/Desktop/Robots/ros-lab-2/install/ros_gz_bringup/share/ros_gz_bringup/hook/cmake_prefix_path.ps1'
[14.373s] INFO:colcon.colcon_core.shell:Creating environment descriptor '/home/wisemaa3/Desktop/Robots/ros-lab-2/install/ros_gz_bringup/share/ros_gz_bringup/hook/cmake_prefix_path.dsv'
[14.376s] INFO:colcon.colcon_core.shell:Creating environment hook '/home/wisemaa3/Desktop/Robots/ros-lab-2/install/ros_gz_bringup/share/ros_gz_bringup/hook/cmake_prefix_path.sh'
[14.380s] Level 1:colcon.colcon_core.environment:checking '/home/wisemaa3/Desktop/Robots/ros-lab-2/install/ros_gz_bringup/bin'
[14.381s] Level 1:colcon.colcon_core.environment:checking '/home/wisemaa3/Desktop/Robots/ros-lab-2/install/ros_gz_bringup/lib/pkgconfig/ros_gz_bringup.pc'
[14.381s] Level 1:colcon.colcon_core.environment:checking '/home/wisemaa3/Desktop/Robots/ros-lab-2/install/ros_gz_bringup/lib/python3.12/site-packages'
[14.381s] Level 1:colcon.colcon_core.environment:checking '/home/wisemaa3/Desktop/Robots/ros-lab-2/install/ros_gz_bringup/bin'
[14.382s] INFO:colcon.colcon_core.shell:Creating package script '/home/wisemaa3/Desktop/Robots/ros-lab-2/install/ros_gz_bringup/share/ros_gz_bringup/package.ps1'
[14.385s] INFO:colcon.colcon_core.shell:Creating package descriptor '/home/wisemaa3/Desktop/Robots/ros-lab-2/install/ros_gz_bringup/share/ros_gz_bringup/package.dsv'
[14.388s] INFO:colcon.colcon_core.shell:Creating package script '/home/wisemaa3/Desktop/Robots/ros-lab-2/install/ros_gz_bringup/share/ros_gz_bringup/package.sh'
[14.390s] INFO:colcon.colcon_core.shell:Creating package script '/home/wisemaa3/Desktop/Robots/ros-lab-2/install/ros_gz_bringup/share/ros_gz_bringup/package.bash'
[14.393s] INFO:colcon.colcon_core.shell:Creating package script '/home/wisemaa3/Desktop/Robots/ros-lab-2/install/ros_gz_bringup/share/ros_gz_bringup/package.zsh'
[14.396s] Level 1:colcon.colcon_core.environment:create_file_with_runtime_dependencies(/home/wisemaa3/Desktop/Robots/ros-lab-2/install/ros_gz_bringup/share/colcon-core/packages/ros_gz_bringup)
[14.401s] Level 1:colcon.colcon_core.environment:create_environment_scripts_only(ros_gz_bringup)
[14.401s] Level 1:colcon.colcon_core.environment:checking '/home/wisemaa3/Desktop/Robots/ros-lab-2/install/ros_gz_bringup' for CMake module files
[14.404s] Level 1:colcon.colcon_core.environment:checking '/home/wisemaa3/Desktop/Robots/ros-lab-2/install/ros_gz_bringup' for CMake config files
[14.408s] Level 1:colcon.colcon_core.shell:create_environment_hook('ros_gz_bringup', 'cmake_prefix_path')
[14.408s] INFO:colcon.colcon_core.shell:Creating environment hook '/home/wisemaa3/Desktop/Robots/ros-lab-2/install/ros_gz_bringup/share/ros_gz_bringup/hook/cmake_prefix_path.ps1'
[14.411s] INFO:colcon.colcon_core.shell:Creating environment descriptor '/home/wisemaa3/Desktop/Robots/ros-lab-2/install/ros_gz_bringup/share/ros_gz_bringup/hook/cmake_prefix_path.dsv'
[14.413s] INFO:colcon.colcon_core.shell:Creating environment hook '/home/wisemaa3/Desktop/Robots/ros-lab-2/install/ros_gz_bringup/share/ros_gz_bringup/hook/cmake_prefix_path.sh'
[14.416s] Level 1:colcon.colcon_core.environment:checking '/home/wisemaa3/Desktop/Robots/ros-lab-2/install/ros_gz_bringup/bin'
[14.417s] Level 1:colcon.colcon_core.environment:checking '/home/wisemaa3/Desktop/Robots/ros-lab-2/install/ros_gz_bringup/lib/pkgconfig/ros_gz_bringup.pc'
[14.417s] Level 1:colcon.colcon_core.environment:checking '/home/wisemaa3/Desktop/Robots/ros-lab-2/install/ros_gz_bringup/lib/python3.12/site-packages'
[14.417s] Level 1:colcon.colcon_core.environment:checking '/home/wisemaa3/Desktop/Robots/ros-lab-2/install/ros_gz_bringup/bin'
[14.418s] INFO:colcon.colcon_core.shell:Creating package script '/home/wisemaa3/Desktop/Robots/ros-lab-2/install/ros_gz_bringup/share/ros_gz_bringup/package.ps1'
[14.421s] INFO:colcon.colcon_core.shell:Creating package descriptor '/home/wisemaa3/Desktop/Robots/ros-lab-2/install/ros_gz_bringup/share/ros_gz_bringup/package.dsv'
[14.424s] INFO:colcon.colcon_core.shell:Creating package script '/home/wisemaa3/Desktop/Robots/ros-lab-2/install/ros_gz_bringup/share/ros_gz_bringup/package.sh'
[14.427s] INFO:colcon.colcon_core.shell:Creating package script '/home/wisemaa3/Desktop/Robots/ros-lab-2/install/ros_gz_bringup/share/ros_gz_bringup/package.bash'
[14.429s] INFO:colcon.colcon_core.shell:Creating package script '/home/wisemaa3/Desktop/Robots/ros-lab-2/install/ros_gz_bringup/share/ros_gz_bringup/package.zsh'
[14.431s] Level 1:colcon.colcon_core.environment:create_file_with_runtime_dependencies(/home/wisemaa3/Desktop/Robots/ros-lab-2/install/ros_gz_bringup/share/colcon-core/packages/ros_gz_bringup)
[14.434s] DEBUG:colcon.colcon_parallel_executor.executor.parallel:closing loop
[14.434s] DEBUG:colcon.colcon_parallel_executor.executor.parallel:loop closed
[14.434s] DEBUG:colcon.colcon_parallel_executor.executor.parallel:run_until_complete finished with '0'
[14.434s] DEBUG:colcon.colcon_core.event_reactor:joining thread
[14.514s] INFO:colcon.colcon_core.plugin_system:Skipping extension 'colcon_notification.desktop_notification.notify_send': Could not find 'notify-send'
[14.514s] INFO:colcon.colcon_core.plugin_system:Skipping extension 'colcon_notification.desktop_notification.terminal_notifier': Not used on non-Darwin systems
[14.514s] INFO:colcon.colcon_core.plugin_system:Skipping extension 'colcon_notification.desktop_notification.win32': Not used on non-Windows systems
[14.515s] INFO:colcon.colcon_notification.desktop_notification:Sending desktop notification using 'notify2'
[14.541s] DEBUG:colcon.colcon_core.event_reactor:joined thread
[14.541s] INFO:colcon.colcon_core.shell:Creating prefix script '/home/wisemaa3/Desktop/Robots/ros-lab-2/install/local_setup.ps1'
[14.545s] INFO:colcon.colcon_core.shell:Creating prefix util module '/home/wisemaa3/Desktop/Robots/ros-lab-2/install/_local_setup_util_ps1.py'
[14.548s] INFO:colcon.colcon_core.shell:Creating prefix chain script '/home/wisemaa3/Desktop/Robots/ros-lab-2/install/setup.ps1'
[14.551s] INFO:colcon.colcon_core.shell:Creating prefix script '/home/wisemaa3/Desktop/Robots/ros-lab-2/install/local_setup.sh'
[14.554s] INFO:colcon.colcon_core.shell:Creating prefix util module '/home/wisemaa3/Desktop/Robots/ros-lab-2/install/_local_setup_util_sh.py'
[14.556s] INFO:colcon.colcon_core.shell:Creating prefix chain script '/home/wisemaa3/Desktop/Robots/ros-lab-2/install/setup.sh'
[14.559s] INFO:colcon.colcon_core.shell:Creating prefix script '/home/wisemaa3/Desktop/Robots/ros-lab-2/install/local_setup.bash'
[14.563s] INFO:colcon.colcon_core.shell:Creating prefix chain script '/home/wisemaa3/Desktop/Robots/ros-lab-2/install/setup.bash'
[14.565s] INFO:colcon.colcon_core.shell:Creating prefix script '/home/wisemaa3/Desktop/Robots/ros-lab-2/install/local_setup.zsh'
[14.568s] INFO:colcon.colcon_core.shell:Creating prefix chain script '/home/wisemaa3/Desktop/Robots/ros-lab-2/install/setup.zsh'
