[0.035s] Invoking command in '/home/wisemaa3/Desktop/Robots/ros-lab-2/build/ros_gz_description': CMAKE_PREFIX_PATH=${CMAKE_PREFIX_PATH}:/opt/ros/jazzy PS1=<ROS2-Jazzy>[\u@\h \W]$ /usr/bin/cmake /home/wisemaa3/Desktop/Robots/ros-lab-2/ros_gz_description -DBUILD_TESTING=ON -DCMAKE_INSTALL_PREFIX=/home/wisemaa3/Desktop/Robots/ros-lab-2/install/ros_gz_description
[1.007s] -- The C compiler identification is GNU 13.3.0
[1.444s] -- The CXX compiler identification is GNU 13.3.0
[1.497s] -- Detecting C compiler ABI info
[1.810s] -- Detecting C compiler ABI info - done
[1.828s] -- Check for working C compiler: /usr/bin/cc - skipped
[1.828s] -- Detecting C compile features
[1.829s] -- Detecting C compile features - done
[1.862s] -- Detecting CXX compiler ABI info
[2.120s] -- Detecting CXX compiler ABI info - done
[2.132s] -- Check for working CXX compiler: /usr/bin/c++ - skipped
[2.132s] -- Detecting CXX compile features
[2.132s] -- Detecting CXX compile features - done
[2.179s] -- Found ament_cmake: 2.5.3 (/opt/ros/jazzy/share/ament_cmake/cmake)
[2.350s] -- Found Python3: /usr/bin/python3 (found version "3.12.3") found components: Interpreter 
[2.892s] -- Configuring done (2.5s)
[2.981s] -- Generating done (0.1s)
[3.023s] -- Build files have been written to: /home/wisemaa3/Desktop/Robots/ros-lab-2/build/ros_gz_description
[3.031s] Invoked command in '/home/wisemaa3/Desktop/Robots/ros-lab-2/build/ros_gz_description' returned '0': CMAKE_PREFIX_PATH=${CMAKE_PREFIX_PATH}:/opt/ros/jazzy PS1=<ROS2-Jazzy>[\u@\h \W]$ /usr/bin/cmake /home/wisemaa3/Desktop/Robots/ros-lab-2/ros_gz_description -DBUILD_TESTING=ON -DCMAKE_INSTALL_PREFIX=/home/wisemaa3/Desktop/Robots/ros-lab-2/install/ros_gz_description
[3.033s] Invoking command in '/home/wisemaa3/Desktop/Robots/ros-lab-2/build/ros_gz_description': CMAKE_PREFIX_PATH=${CMAKE_PREFIX_PATH}:/opt/ros/jazzy PS1=<ROS2-Jazzy>[\u@\h \W]$ /usr/bin/cmake --build /home/wisemaa3/Desktop/Robots/ros-lab-2/build/ros_gz_description -- -j28 -l28
[3.134s] Invoked command in '/home/wisemaa3/Desktop/Robots/ros-lab-2/build/ros_gz_description' returned '0': CMAKE_PREFIX_PATH=${CMAKE_PREFIX_PATH}:/opt/ros/jazzy PS1=<ROS2-Jazzy>[\u@\h \W]$ /usr/bin/cmake --build /home/wisemaa3/Desktop/Robots/ros-lab-2/build/ros_gz_description -- -j28 -l28
[3.137s] Invoking command in '/home/wisemaa3/Desktop/Robots/ros-lab-2/build/ros_gz_description': CMAKE_PREFIX_PATH=${CMAKE_PREFIX_PATH}:/opt/ros/jazzy PS1=<ROS2-Jazzy>[\u@\h \W]$ /usr/bin/cmake --install /home/wisemaa3/Desktop/Robots/ros-lab-2/build/ros_gz_description
[3.150s] -- Install configuration: ""
[3.150s] -- Installing: /home/wisemaa3/Desktop/Robots/ros-lab-2/install/ros_gz_description/share/ros_gz_description/models
[3.155s] -- Installing: /home/wisemaa3/Desktop/Robots/ros-lab-2/install/ros_gz_description/share/ros_gz_description/models/diff_drive
[3.159s] -- Installing: /home/wisemaa3/Desktop/Robots/ros-lab-2/install/ros_gz_description/share/ros_gz_description/models/diff_drive/model.sdf
[3.164s] -- Installing: /home/wisemaa3/Desktop/Robots/ros-lab-2/install/ros_gz_description/share/ros_gz_description/models/diff_drive/model.config
[3.173s] -- Installing: /home/wisemaa3/Desktop/Robots/ros-lab-2/install/ros_gz_description/share/ros_gz_description/environment/ros_gz_description.dsv
[3.179s] -- Installing: /home/wisemaa3/Desktop/Robots/ros-lab-2/install/ros_gz_description/share/ros_gz_description/environment/ros_gz_description.sh
[3.189s] -- Installing: /home/wisemaa3/Desktop/Robots/ros-lab-2/install/ros_gz_description/share/ament_index/resource_index/package_run_dependencies/ros_gz_description
[3.197s] -- Installing: /home/wisemaa3/Desktop/Robots/ros-lab-2/install/ros_gz_description/share/ament_index/resource_index/parent_prefix_path/ros_gz_description
[3.203s] -- Installing: /home/wisemaa3/Desktop/Robots/ros-lab-2/install/ros_gz_description/share/ros_gz_description/environment/ament_prefix_path.sh
[3.208s] -- Installing: /home/wisemaa3/Desktop/Robots/ros-lab-2/install/ros_gz_description/share/ros_gz_description/environment/ament_prefix_path.dsv
[3.213s] -- Installing: /home/wisemaa3/Desktop/Robots/ros-lab-2/install/ros_gz_description/share/ros_gz_description/environment/path.sh
[3.219s] -- Installing: /home/wisemaa3/Desktop/Robots/ros-lab-2/install/ros_gz_description/share/ros_gz_description/environment/path.dsv
[3.225s] -- Installing: /home/wisemaa3/Desktop/Robots/ros-lab-2/install/ros_gz_description/share/ros_gz_description/local_setup.bash
[3.231s] -- Installing: /home/wisemaa3/Desktop/Robots/ros-lab-2/install/ros_gz_description/share/ros_gz_description/local_setup.sh
[3.238s] -- Installing: /home/wisemaa3/Desktop/Robots/ros-lab-2/install/ros_gz_description/share/ros_gz_description/local_setup.zsh
[3.246s] -- Installing: /home/wisemaa3/Desktop/Robots/ros-lab-2/install/ros_gz_description/share/ros_gz_description/local_setup.dsv
[3.253s] -- Installing: /home/wisemaa3/Desktop/Robots/ros-lab-2/install/ros_gz_description/share/ros_gz_description/package.dsv
[3.263s] -- Installing: /home/wisemaa3/Desktop/Robots/ros-lab-2/install/ros_gz_description/share/ament_index/resource_index/packages/ros_gz_description
[3.271s] -- Installing: /home/wisemaa3/Desktop/Robots/ros-lab-2/install/ros_gz_description/share/ros_gz_description/cmake/ros_gz_descriptionConfig.cmake
[3.277s] -- Installing: /home/wisemaa3/Desktop/Robots/ros-lab-2/install/ros_gz_description/share/ros_gz_description/cmake/ros_gz_descriptionConfig-version.cmake
[3.283s] -- Installing: /home/wisemaa3/Desktop/Robots/ros-lab-2/install/ros_gz_description/share/ros_gz_description/package.xml
[3.341s] Invoked command in '/home/wisemaa3/Desktop/Robots/ros-lab-2/build/ros_gz_description' returned '0': CMAKE_PREFIX_PATH=${CMAKE_PREFIX_PATH}:/opt/ros/jazzy PS1=<ROS2-Jazzy>[\u@\h \W]$ /usr/bin/cmake --install /home/wisemaa3/Desktop/Robots/ros-lab-2/build/ros_gz_description
